/var/spool/slurm/slurmd/job5478607/slurm_script: line 9: cd: /gpfs/home4/scur0756/Final_Assignment/5LSM0-final-project-Roy-van-Doorn: No such file or directory
mkdir: cannot create directory 'wandb/5478607': No such file or directory
run_container.sh: line 1: syntax error near unexpected token `newline'
run_container.sh: line 1: `export WANDB_API_KEY=<API_KEY>'
srun: error: gcn7: task 0: Exited with exit code 2
srun: Terminating StepId=5478607.0

JOB STATISTICS
==============
Job ID: 5478607
Cluster: snellius
User/Group: scur0756/scur0756
State: RUNNING
Nodes: 1
Cores per node: 18
CPU Utilized: 00:00:00
CPU Efficiency: 0.00% of 00:04:30 core-walltime
Job Wall-clock time: 00:00:15
Memory Utilized: 0.00 MB (estimated maximum)
Memory Efficiency: 0.00% of 120.00 GB (120.00 GB/node)
WARNING: Efficiency statistics may be misleading for RUNNING jobs.
