wandb: Currently logged in as: r-v-doorn1 (royvdoorn). Use `wandb login --relogin` to force relogin
/usr/local/lib/python3.10/dist-packages/torchvision/transforms/v2/_deprecated.py:43: UserWarning: The transform `ToTensor()` is deprecated and will be removed in a future release. Instead, please use `v2.Compose([v2.ToImage(), v2.ToDtype(torch.float32, scale=True)])`.
  warnings.warn(
Traceback (most recent call last):
  File "/gpfs/home6/scur0756/Final_Assignment/5LSM0-final-project-Roy-van-Doorn/train.py", line 181, in <module>
    main(args)
  File "/gpfs/home6/scur0756/Final_Assignment/5LSM0-final-project-Roy-van-Doorn/train.py", line 65, in main
    dataset = Cityscapes(path_local, split='train', mode='fine', target_type='semantic', transforms=regular_transform) #args.data_path
  File "/usr/local/lib/python3.10/dist-packages/torchvision/datasets/cityscapes.py", line 155, in __init__
    raise RuntimeError(
RuntimeError: Dataset not found or incomplete. Please make sure all required folders for the specified "split" and "mode" are inside the "root" directory
[2024-03-20 10:20:15,109] torch.distributed.elastic.multiprocessing.api: [ERROR] failed (exitcode: 1) local_rank: 0 (pid: 206593) of binary: /usr/bin/python3
Traceback (most recent call last):
  File "/usr/local/bin/torchrun", line 8, in <module>
    sys.exit(main())
  File "/usr/local/lib/python3.10/dist-packages/torch/distributed/elastic/multiprocessing/errors/__init__.py", line 346, in wrapper
    return f(*args, **kwargs)
  File "/usr/local/lib/python3.10/dist-packages/torch/distributed/run.py", line 806, in main
    run(args)
  File "/usr/local/lib/python3.10/dist-packages/torch/distributed/run.py", line 797, in run
    elastic_launch(
  File "/usr/local/lib/python3.10/dist-packages/torch/distributed/launcher/api.py", line 134, in __call__
    return launch_agent(self._config, self._entrypoint, list(args))
  File "/usr/local/lib/python3.10/dist-packages/torch/distributed/launcher/api.py", line 264, in launch_agent
    raise ChildFailedError(
torch.distributed.elastic.multiprocessing.errors.ChildFailedError: 
============================================================
train.py FAILED
------------------------------------------------------------
Failures:
  <NO_OTHER_FAILURES>
------------------------------------------------------------
Root Cause (first observed failure):
[0]:
  time      : 2024-03-20_10:20:15
  host      : gcn39.local.snellius.surf.nl
  rank      : 0 (local_rank: 0)
  exitcode  : 1 (pid: 206593)
  error_file: <N/A>
  traceback : To enable traceback see: https://pytorch.org/docs/stable/elastic/errors.html
============================================================
srun: error: gcn39: task 0: Exited with exit code 1
srun: Terminating StepId=5613900.0

JOB STATISTICS
==============
Job ID: 5613900
Cluster: snellius
User/Group: scur0756/scur0756
State: RUNNING
Nodes: 1
Cores per node: 18
CPU Utilized: 00:00:00
CPU Efficiency: 0.00% of 00:07:30 core-walltime
Job Wall-clock time: 00:00:25
Memory Utilized: 0.00 MB (estimated maximum)
Memory Efficiency: 0.00% of 360.00 GB (20.00 GB/core)
WARNING: Efficiency statistics may be misleading for RUNNING jobs.
