wandb: Currently logged in as: r-v-doorn1 (royvdoorn). Use `wandb login --relogin` to force relogin
/usr/local/lib/python3.10/dist-packages/torchvision/transforms/v2/_deprecated.py:43: UserWarning: The transform `ToTensor()` is deprecated and will be removed in a future release. Instead, please use `v2.Compose([v2.ToImage(), v2.ToDtype(torch.float32, scale=True)])`.
  warnings.warn(
Loss of batch at epoch 1 : 3.4915378093719482
Loss of batch at epoch 1 : 3.1245458126068115
Loss of batch at epoch 1 : 2.9348204135894775
Loss of batch at epoch 1 : 2.822718858718872
Loss of batch at epoch 1 : 2.721757650375366
Loss of batch at epoch 1 : 2.5830414295196533
Loss of batch at epoch 1 : 2.3721437454223633
Loss of batch at epoch 1 : 2.3458306789398193
Loss of batch at epoch 1 : 2.3875763416290283
Loss of batch at epoch 1 : 2.1338865756988525
Loss of batch at epoch 1 : 2.043896436691284
Loss of batch at epoch 1 : 2.0816285610198975
Loss of batch at epoch 1 : 1.984915018081665
Loss of batch at epoch 1 : 2.0226972103118896
Loss of batch at epoch 1 : 1.9196580648422241
Loss of batch at epoch 1 : 1.996520757675171
Loss of batch at epoch 1 : 1.9758281707763672
Loss of batch at epoch 1 : 1.9450068473815918
Loss of batch at epoch 1 : 1.7961528301239014
Loss of batch at epoch 1 : 1.9683810472488403
Loss of batch at epoch 1 : 1.8831145763397217
Loss of batch at epoch 1 : 1.6433454751968384
Loss of batch at epoch 1 : 1.6862488985061646
Loss of batch at epoch 1 : 1.6891289949417114
Loss of batch at epoch 1 : 1.5993845462799072
Loss of batch at epoch 1 : 1.7091995477676392
Loss of batch at epoch 1 : 1.4485772848129272
Loss of batch at epoch 1 : 1.4622259140014648
Loss of batch at epoch 1 : 1.6468435525894165
Loss of batch at epoch 1 : 1.5255024433135986
Loss of batch at epoch 1 : 1.5146763324737549
Loss of batch at epoch 1 : 1.5832409858703613
Loss of batch at epoch 1 : 1.5650701522827148
Loss of batch at epoch 1 : 1.514958143234253
Loss of batch at epoch 1 : 1.363388180732727
Loss of batch at epoch 1 : 1.4962321519851685
Loss of batch at epoch 1 : 1.4740655422210693
Loss of batch at epoch 1 : 1.3291774988174438
Loss of batch at epoch 1 : 1.2896348237991333
Loss of batch at epoch 1 : 1.4275404214859009
Loss of batch at epoch 1 : 1.6188721656799316
Loss of batch at epoch 1 : 1.1176775693893433
Loss of batch at epoch 1 : 1.1720850467681885
Loss of batch at epoch 1 : 1.2826629877090454
Loss of batch at epoch 1 : 1.2596741914749146
Loss of batch at epoch 1 : 1.1630545854568481
Loss of batch at epoch 1 : 1.2930852174758911
Loss of batch at epoch 1 : 1.1831846237182617
Loss of batch at epoch 1 : 1.3936091661453247
Loss of batch at epoch 1 : 1.153505563735962
Loss of batch at epoch 1 : 1.3939085006713867
Loss of batch at epoch 1 : 1.1908445358276367
Loss of batch at epoch 1 : 1.1549255847930908
Loss of batch at epoch 1 : 1.2540831565856934
Loss of batch at epoch 1 : 1.1814671754837036
Loss of batch at epoch 1 : 1.198286533355713
Loss of batch at epoch 1 : 1.1819270849227905
Loss of batch at epoch 1 : 1.0398833751678467
Loss of batch at epoch 1 : 1.1160897016525269
Loss of batch at epoch 1 : 1.031505823135376
Loss of batch at epoch 1 : 1.2562801837921143
Loss of batch at epoch 1 : 1.0618388652801514
Loss of batch at epoch 1 : 1.0445127487182617
Loss of batch at epoch 1 : 1.1030842065811157
Loss of batch at epoch 1 : 0.9665682315826416
Loss of batch at epoch 1 : 1.11636483669281
Loss of batch at epoch 1 : 1.284314751625061
Loss of batch at epoch 1 : 0.9976356625556946
Loss of batch at epoch 1 : 1.0882271528244019
Loss of batch at epoch 1 : 0.9381728172302246
Loss of batch at epoch 1 : 1.3170053958892822
Loss of batch at epoch 1 : 1.112913966178894
Loss of batch at epoch 1 : 0.9841898679733276
Loss of batch at epoch 1 : 1.2796106338500977
Loss of batch at epoch 1 : 1.228330373764038
Loss of batch at epoch 1 : 1.010690689086914
Loss of batch at epoch 1 : 1.161709189414978
Loss of batch at epoch 1 : 1.2895523309707642
Loss of batch at epoch 1 : 1.0088762044906616
Loss of batch at epoch 1 : 0.9330444931983948
Loss of batch at epoch 1 : 1.1105167865753174
Loss of batch at epoch 1 : 0.9692363739013672
Loss of batch at epoch 1 : 0.9171887636184692
Loss of batch at epoch 1 : 0.9111208915710449
Loss of batch at epoch 1 : 1.1616284847259521
Loss of batch at epoch 1 : 0.9918016791343689
Loss of batch at epoch 1 : 1.1520739793777466
Loss of batch at epoch 1 : 0.98969566822052
Loss of batch at epoch 1 : 0.9570866227149963
Loss of batch at epoch 1 : 1.1448949575424194
Loss of batch at epoch 1 : 1.1273003816604614
Loss of batch at epoch 1 : 1.095986247062683
Loss of batch at epoch 1 : 1.1444841623306274
Loss of batch at epoch 1 : 0.9295341968536377
Loss of batch at epoch 1 : 0.919321596622467
Loss of batch at epoch 1 : 1.0030536651611328
Loss of batch at epoch 1 : 1.1564635038375854
Loss of batch at epoch 1 : 1.1609225273132324
Loss of batch at epoch 1 : 0.8828290104866028
Loss of batch at epoch 1 : 1.0232925415039062
Loss of batch at epoch 1 : 1.12840735912323
Loss of batch at epoch 1 : 0.9588215947151184
Loss of batch at epoch 1 : 0.9740471839904785
Loss of batch at epoch 1 : 0.8625194430351257
Loss of batch at epoch 1 : 0.9425693154335022
Loss of batch at epoch 1 : 0.8415504097938538
Loss of batch at epoch 1 : 0.9320803880691528
Loss of batch at epoch 1 : 0.9761256575584412
Loss of batch at epoch 1 : 0.9003812670707703
Loss of batch at epoch 1 : 1.0016616582870483
Loss of batch at epoch 1 : 1.044778823852539
Loss of batch at epoch 1 : 1.071284532546997
Loss of batch at epoch 1 : 0.9869011044502258
Loss of batch at epoch 1 : 0.9384503364562988
Loss of batch at epoch 1 : 0.9353668689727783
Loss of batch at epoch 1 : 0.9496980309486389
Loss of batch at epoch 1 : 0.9716944098472595
Loss of batch at epoch 1 : 1.013139247894287
Loss of batch at epoch 1 : 0.847501277923584
Loss of batch at epoch 1 : 1.185935378074646
Loss of batch at epoch 1 : 0.8296379446983337
Loss of batch at epoch 1 : 0.8999221920967102
Loss of batch at epoch 1 : 1.0707576274871826
Loss of batch at epoch 1 : 0.9859621524810791
Loss of batch at epoch 1 : 0.924558699131012
Loss of batch at epoch 1 : 0.9097261428833008
Loss of batch at epoch 1 : 0.8449180126190186
Loss of batch at epoch 1 : 0.9643990993499756
Loss of batch at epoch 1 : 1.085756778717041
Loss of batch at epoch 1 : 0.9838375449180603
Loss of batch at epoch 1 : 1.0341817140579224
Loss of batch at epoch 1 : 0.9333422780036926
Loss of batch at epoch 1 : 1.0325883626937866
Loss of batch at epoch 1 : 1.017661452293396
Loss of batch at epoch 1 : 0.8954551219940186
Loss of batch at epoch 1 : 0.9537115693092346
Loss of batch at epoch 1 : 0.9083471298217773
Loss of batch at epoch 1 : 1.3137938976287842
Loss of batch at epoch 1 : 1.106735348701477
Loss of batch at epoch 1 : 0.9000767469406128
Loss of batch at epoch 1 : 0.9099324941635132
Loss of batch at epoch 1 : 1.0739036798477173
Loss of batch at epoch 1 : 0.9812207221984863
Loss of batch at epoch 1 : 0.9277162551879883
Loss of batch at epoch 1 : 0.8862414956092834
Loss of batch at epoch 1 : 0.9736356139183044
Loss of batch at epoch 1 : 0.9586795568466187
Loss of batch at epoch 1 : 1.0069431066513062
Loss of batch at epoch 1 : 1.0158179998397827
Loss of batch at epoch 1 : 0.8517361283302307
Loss of batch at epoch 1 : 1.0466490983963013
Loss of batch at epoch 1 : 0.9615175724029541
Loss of batch at epoch 1 : 0.9850005507469177
Loss of batch at epoch 1 : 0.9837723970413208
Loss of batch at epoch 1 : 0.983008623123169
Loss of batch at epoch 1 : 0.9478511214256287
Loss of batch at epoch 1 : 0.9401977062225342
Loss of batch at epoch 1 : 0.8852716684341431
Loss of batch at epoch 1 : 1.013782024383545
Loss of batch at epoch 1 : 0.9075416922569275
Loss of batch at epoch 1 : 0.987886905670166
Loss of batch at epoch 1 : 0.968371570110321
Loss of batch at epoch 1 : 0.7133175134658813
Loss of batch at epoch 1 : 0.7955367565155029
Loss of batch at epoch 1 : 0.8342353701591492
Loss of batch at epoch 1 : 0.8289651274681091
Loss of batch at epoch 1 : 0.8659816384315491
Loss of batch at epoch 1 : 0.7769148945808411
Loss of batch at epoch 1 : 0.8462336659431458
Loss of batch at epoch 1 : 1.1155202388763428
Loss of batch at epoch 1 : 1.0476456880569458
Loss of batch at epoch 1 : 0.9927694797515869
Loss of batch at epoch 1 : 0.8960593938827515
Loss of batch at epoch 1 : 1.0552074909210205
Loss of batch at epoch 1 : 1.0018824338912964
Loss of batch at epoch 1 : 0.8476641774177551
Loss of batch at epoch 1 : 0.9862360954284668
Loss of batch at epoch 1 : 0.8932099342346191
Loss of batch at epoch 1 : 0.8437122702598572
Loss of batch at epoch 1 : 1.168338418006897
Loss of batch at epoch 1 : 1.014716625213623
Loss of batch at epoch 1 : 0.8918066024780273
Loss of batch at epoch 1 : 0.9864630699157715
Loss of batch at epoch 1 : 0.74299156665802
Loss of batch at epoch 1 : 1.102640986442566
Loss of batch at epoch 1 : 1.0279942750930786
Loss of batch at epoch 1 : 1.0265146493911743
Loss of batch at epoch 1 : 1.0162039995193481
Loss of batch at epoch 1 : 0.9623984098434448
Loss of batch at epoch 1 : 0.9265670776367188
Loss of batch at epoch 1 : 0.9139671921730042
Loss of batch at epoch 1 : 0.9764339923858643
Loss of batch at epoch 1 : 0.9062792658805847
Loss of batch at epoch 1 : 0.7898892164230347
Loss of batch at epoch 1 : 0.8423272371292114
Loss of batch at epoch 1 : 0.8006432056427002
Loss of batch at epoch 1 : 0.9487426280975342
Loss of batch at epoch 1 : 0.8815767168998718
Loss of batch at epoch 1 : 0.8808174729347229
Loss of batch at epoch 1 : 1.109320878982544
Loss of batch at epoch 1 : 0.8886075615882874
Loss of batch at epoch 1 : 0.8148448467254639
Loss of batch at epoch 1 : 0.8050315976142883
Loss of batch at epoch 1 : 0.6734382510185242
Loss of batch at epoch 1 : 0.7130509614944458
Loss of batch at epoch 1 : 0.7155102491378784
Loss of batch at epoch 1 : 1.0855094194412231
Loss of batch at epoch 1 : 0.8671538233757019
Loss of batch at epoch 1 : 1.0308928489685059
Loss of batch at epoch 1 : 0.7996759414672852
Loss of batch at epoch 1 : 0.6717837452888489
Loss of batch at epoch 1 : 0.9075310230255127
Loss of batch at epoch 1 : 1.1327012777328491
Loss of batch at epoch 1 : 1.1335715055465698
Loss of batch at epoch 1 : 0.8330234885215759
Loss of batch at epoch 1 : 0.9674738645553589
Loss of batch at epoch 1 : 0.9888755679130554
Loss of batch at epoch 1 : 0.7645307779312134
Loss of batch at epoch 1 : 0.8189176321029663
Loss of batch at epoch 1 : 0.8054457902908325
Loss of batch at epoch 1 : 1.0176568031311035
Loss of batch at epoch 1 : 0.7464519143104553
Loss of batch at epoch 1 : 0.9148073792457581
Loss of batch at epoch 1 : 0.7945311069488525
Loss of batch at epoch 1 : 0.9186854958534241
Loss of batch at epoch 1 : 0.8653721809387207
Loss of batch at epoch 1 : 0.8915984630584717
Loss of batch at epoch 1 : 0.9898637533187866
Loss of batch at epoch 1 : 1.3457603454589844
Loss of batch at epoch 1 : 0.7976136207580566
Loss of batch at epoch 1 : 0.9644051790237427
Loss of batch at epoch 1 : 0.9547932147979736
Loss of batch at epoch 1 : 0.7324624061584473
Loss of batch at epoch 1 : 0.7724974751472473
Loss of batch at epoch 1 : 1.1406115293502808
Loss of batch at epoch 1 : 0.9711722135543823
Loss of batch at epoch 1 : 0.6883442997932434
Loss of batch at epoch 1 : 0.940624475479126
Loss of batch at epoch 1 : 0.7865436673164368
Loss of batch at epoch 1 : 0.9219294786453247
Loss of batch at epoch 1 : 0.7274866104125977
Loss of batch at epoch 1 : 0.8080505132675171
Loss of batch at epoch 1 : 0.862678587436676
Loss of batch at epoch 1 : 0.961823582649231
Loss of batch at epoch 1 : 0.8802012801170349
Loss of batch at epoch 1 : 1.0112007856369019
Loss of batch at epoch 1 : 1.1418436765670776
Loss of batch at epoch 1 : 1.1686859130859375
Loss of batch at epoch 1 : 0.9693997502326965
Loss of batch at epoch 1 : 0.9194220900535583
Loss of batch at epoch 1 : 0.8713380098342896
Loss of batch at epoch 1 : 0.953759491443634
Loss of batch at epoch 1 : 0.7819450497627258
Loss of batch at epoch 1 : 0.7889866232872009
Loss of batch at epoch 1 : 0.8198942542076111
Loss of batch at epoch 1 : 0.8517923951148987
Loss of batch at epoch 1 : 0.9124797582626343
Loss of batch at epoch 1 : 0.9401307702064514
Loss of batch at epoch 1 : 0.8229545950889587
Loss of batch at epoch 1 : 0.8296895027160645
Loss of batch at epoch 1 : 0.8905418515205383
Loss of batch at epoch 1 : 0.7521288394927979
Loss of batch at epoch 1 : 0.8907285332679749
Loss of batch at epoch 1 : 0.8786176443099976
Loss of batch at epoch 1 : 1.0039253234863281
Loss of batch at epoch 1 : 0.7637884020805359
Loss of batch at epoch 1 : 0.9268561005592346
Loss of batch at epoch 1 : 0.8518396019935608
Loss of batch at epoch 1 : 1.0453788042068481
Loss of batch at epoch 1 : 0.64266037940979
Loss of batch at epoch 1 : 0.7656775712966919
Loss of batch at epoch 1 : 0.7748774886131287
Loss of batch at epoch 1 : 0.7743530869483948
Loss of batch at epoch 1 : 0.8779246211051941
Loss of batch at epoch 1 : 0.7048388123512268
Loss of batch at epoch 1 : 0.8092779517173767
Loss of batch at epoch 1 : 0.8106757998466492
Loss of batch at epoch 1 : 0.7244738340377808
Loss of batch at epoch 1 : 0.9282529354095459
Loss of batch at epoch 1 : 0.7963183522224426
Loss of batch at epoch 1 : 0.7810282111167908
Loss of batch at epoch 1 : 0.8881540298461914
Loss of batch at epoch 1 : 0.6821783185005188
Loss of batch at epoch 1 : 0.8846190571784973
Loss of batch at epoch 1 : 0.9804700613021851
Loss of batch at epoch 1 : 0.6794202923774719
Loss of batch at epoch 1 : 0.8791449069976807
Loss of batch at epoch 1 : 0.9351714253425598
Loss of batch at epoch 1 : 0.7270284295082092
Loss of batch at epoch 1 : 1.1586518287658691
Loss of batch at epoch 1 : 0.8508278131484985
Loss of batch at epoch 1 : 0.919929027557373
Loss of batch at epoch 1 : 0.871057391166687
Loss of batch at epoch 1 : 0.7751595377922058
Loss of batch at epoch 1 : 1.0398342609405518
Loss of batch at epoch 1 : 0.9058113694190979
Loss of batch at epoch 1 : 0.861650824546814
Loss of batch at epoch 1 : 0.7505849003791809
Loss of batch at epoch 1 : 0.8656800389289856
Loss of batch at epoch 1 : 0.8626603484153748
Loss of batch at epoch 1 : 0.7858595848083496
Loss of batch at epoch 1 : 0.9844120144844055
Loss of batch at epoch 1 : 0.8166294693946838
Loss of batch at epoch 1 : 0.9687554240226746
Loss of batch at epoch 1 : 0.748796820640564
Loss of batch at epoch 1 : 0.7989729642868042
Loss of batch at epoch 1 : 0.8280336856842041
Loss of batch at epoch 1 : 0.8431020379066467
Loss of batch at epoch 1 : 0.8217200040817261
Loss of batch at epoch 1 : 0.7846583724021912
Loss of batch at epoch 1 : 1.1437309980392456
Loss of batch at epoch 1 : 0.8740427494049072
Loss of batch at epoch 1 : 0.889845073223114
Loss of batch at epoch 1 : 0.831045925617218
Loss of batch at epoch 1 : 0.7935415506362915
Loss of batch at epoch 1 : 0.8926540613174438
Loss of batch at epoch 1 : 0.7955707311630249
Loss of batch at epoch 1 : 1.0118327140808105
Loss of batch at epoch 1 : 0.9190770387649536
Loss of batch at epoch 1 : 0.8151252269744873
Loss of batch at epoch 1 : 0.8368629217147827
Loss of batch at epoch 1 : 0.7167617082595825
Loss of batch at epoch 1 : 0.9925643801689148
Loss of batch at epoch 1 : 0.8671562075614929
Loss of batch at epoch 1 : 0.8741994500160217
Loss of batch at epoch 1 : 0.8354170918464661
Loss of batch at epoch 1 : 0.7934690713882446
Loss of batch at epoch 1 : 0.8557149171829224
Loss of batch at epoch 1 : 0.8394860029220581
Loss of batch at epoch 1 : 0.6623750329017639
Loss of batch at epoch 1 : 1.0340675115585327
Loss of batch at epoch 1 : 0.7899482250213623
Loss of batch at epoch 1 : 0.7351371049880981
Loss of batch at epoch 1 : 0.7381370663642883
Loss of batch at epoch 1 : 0.8029440641403198
Average train loss of epoch 1: 0.13351734437721713
Average validation loss of epoch 1: 0.10640967654860782
Loss of batch at epoch 2 : 0.7908963561058044
Loss of batch at epoch 2 : 0.7865519523620605
Loss of batch at epoch 2 : 0.7758252024650574
Loss of batch at epoch 2 : 0.8219353556632996
Loss of batch at epoch 2 : 0.7964163422584534
Loss of batch at epoch 2 : 0.8500978350639343
Loss of batch at epoch 2 : 0.877659797668457
Loss of batch at epoch 2 : 0.8680849671363831
Loss of batch at epoch 2 : 0.9247855544090271
Loss of batch at epoch 2 : 0.7080015540122986
Loss of batch at epoch 2 : 0.9168717265129089
Loss of batch at epoch 2 : 0.7659621834754944
Loss of batch at epoch 2 : 0.6935716867446899
Loss of batch at epoch 2 : 0.7980912327766418
Loss of batch at epoch 2 : 0.7314711213111877
Loss of batch at epoch 2 : 0.7625862956047058
Loss of batch at epoch 2 : 1.2505356073379517
Loss of batch at epoch 2 : 0.7107060551643372
Loss of batch at epoch 2 : 0.7947810292243958
Loss of batch at epoch 2 : 0.8137047290802002
Loss of batch at epoch 2 : 0.7644825577735901
Loss of batch at epoch 2 : 0.731357991695404
Loss of batch at epoch 2 : 0.7888464331626892
Loss of batch at epoch 2 : 0.7913817167282104
Loss of batch at epoch 2 : 0.7579947710037231
Loss of batch at epoch 2 : 0.6866401433944702
Loss of batch at epoch 2 : 0.75523841381073
Loss of batch at epoch 2 : 0.8492026925086975
Loss of batch at epoch 2 : 0.7130925059318542
Loss of batch at epoch 2 : 0.8839443922042847
Loss of batch at epoch 2 : 0.8871130347251892
Loss of batch at epoch 2 : 0.6274883151054382
Loss of batch at epoch 2 : 0.8092802166938782
Loss of batch at epoch 2 : 0.8235601782798767
Loss of batch at epoch 2 : 0.8034834861755371
Loss of batch at epoch 2 : 0.8288333415985107
Loss of batch at epoch 2 : 0.9862521290779114
Loss of batch at epoch 2 : 0.7417043447494507
Loss of batch at epoch 2 : 0.8476752042770386
Loss of batch at epoch 2 : 0.7988262176513672
Loss of batch at epoch 2 : 1.0129739046096802
Loss of batch at epoch 2 : 0.8475093245506287
Loss of batch at epoch 2 : 0.8551099300384521
Loss of batch at epoch 2 : 0.7095351815223694
Loss of batch at epoch 2 : 0.742367684841156
Loss of batch at epoch 2 : 1.078701376914978
Loss of batch at epoch 2 : 0.6844461560249329
Loss of batch at epoch 2 : 0.9322810173034668
Loss of batch at epoch 2 : 0.8258810043334961
Loss of batch at epoch 2 : 0.7922065258026123
Loss of batch at epoch 2 : 0.8554047346115112
Loss of batch at epoch 2 : 0.7137508988380432
Loss of batch at epoch 2 : 0.8708036541938782
Loss of batch at epoch 2 : 0.7210145592689514
Loss of batch at epoch 2 : 0.8034735918045044
Loss of batch at epoch 2 : 0.906502902507782
Loss of batch at epoch 2 : 0.6574837565422058
Loss of batch at epoch 2 : 0.9848381280899048
Loss of batch at epoch 2 : 1.0765951871871948
Loss of batch at epoch 2 : 0.6773124933242798
Loss of batch at epoch 2 : 0.8645915389060974
Loss of batch at epoch 2 : 0.7945156097412109
Loss of batch at epoch 2 : 0.7049670219421387
Loss of batch at epoch 2 : 0.9004950523376465
Loss of batch at epoch 2 : 0.6958072781562805
Loss of batch at epoch 2 : 0.7567201852798462
Loss of batch at epoch 2 : 1.05237877368927
Loss of batch at epoch 2 : 0.8440790772438049
Loss of batch at epoch 2 : 1.014318823814392
Loss of batch at epoch 2 : 0.7100329995155334
Loss of batch at epoch 2 : 0.8647360801696777
Loss of batch at epoch 2 : 0.7762603759765625
Loss of batch at epoch 2 : 0.8593533635139465
Loss of batch at epoch 2 : 0.7553412914276123
Loss of batch at epoch 2 : 0.6257892847061157
Loss of batch at epoch 2 : 0.7514179944992065
Loss of batch at epoch 2 : 0.975003182888031
Loss of batch at epoch 2 : 0.8256626129150391
Loss of batch at epoch 2 : 0.6504383087158203
Loss of batch at epoch 2 : 0.6245267391204834
Loss of batch at epoch 2 : 0.8199735879898071
Loss of batch at epoch 2 : 0.7306026816368103
Loss of batch at epoch 2 : 0.7776852250099182
Loss of batch at epoch 2 : 0.7245839238166809
Loss of batch at epoch 2 : 0.8155626654624939
Loss of batch at epoch 2 : 0.7423930168151855
Loss of batch at epoch 2 : 0.8489903807640076
Loss of batch at epoch 2 : 0.7171658873558044
Loss of batch at epoch 2 : 0.8654475212097168
Loss of batch at epoch 2 : 0.8100961446762085
Loss of batch at epoch 2 : 0.6828727126121521
Loss of batch at epoch 2 : 0.6568437814712524
Loss of batch at epoch 2 : 0.7112135887145996
Loss of batch at epoch 2 : 0.6959565877914429
Loss of batch at epoch 2 : 0.8090633153915405
Loss of batch at epoch 2 : 0.6761986613273621
Loss of batch at epoch 2 : 0.6540894508361816
Loss of batch at epoch 2 : 0.7965149283409119
Loss of batch at epoch 2 : 0.8679287433624268
Loss of batch at epoch 2 : 0.7237109541893005
Loss of batch at epoch 2 : 0.8690921068191528
Loss of batch at epoch 2 : 0.6517093777656555
Loss of batch at epoch 2 : 0.7557161450386047
Loss of batch at epoch 2 : 0.790961742401123
Loss of batch at epoch 2 : 0.6949008107185364
Loss of batch at epoch 2 : 0.7005978226661682
Loss of batch at epoch 2 : 0.8344020247459412
Loss of batch at epoch 2 : 0.7716502547264099
Loss of batch at epoch 2 : 0.6723805069923401
Loss of batch at epoch 2 : 0.8201498985290527
Loss of batch at epoch 2 : 1.0009336471557617
Loss of batch at epoch 2 : 0.6768121123313904
Loss of batch at epoch 2 : 0.6259706020355225
Loss of batch at epoch 2 : 0.8987488150596619
Loss of batch at epoch 2 : 0.7507978677749634
Loss of batch at epoch 2 : 0.6154174208641052
Loss of batch at epoch 2 : 0.7424532175064087
Loss of batch at epoch 2 : 0.776526153087616
Loss of batch at epoch 2 : 0.8305313587188721
Loss of batch at epoch 2 : 0.8675241470336914
Loss of batch at epoch 2 : 0.806073009967804
Loss of batch at epoch 2 : 0.9500135779380798
Loss of batch at epoch 2 : 0.8904604911804199
Loss of batch at epoch 2 : 0.8053308129310608
Loss of batch at epoch 2 : 0.766319751739502
Loss of batch at epoch 2 : 0.7307532429695129
Loss of batch at epoch 2 : 0.6768393516540527
Loss of batch at epoch 2 : 0.8894081711769104
Loss of batch at epoch 2 : 0.6670107841491699
Loss of batch at epoch 2 : 0.8106102347373962
Loss of batch at epoch 2 : 0.7550620436668396
Loss of batch at epoch 2 : 0.7413111925125122
Loss of batch at epoch 2 : 0.8534812331199646
Loss of batch at epoch 2 : 0.6281480193138123
Loss of batch at epoch 2 : 0.7272067666053772
Loss of batch at epoch 2 : 0.6915388107299805
Loss of batch at epoch 2 : 0.6428918242454529
Loss of batch at epoch 2 : 0.7697172164916992
Loss of batch at epoch 2 : 0.730566143989563
Loss of batch at epoch 2 : 0.64131098985672
Loss of batch at epoch 2 : 0.8343044519424438
slurmstepd: error: *** JOB 5578124 ON gcn20 CANCELLED AT 2024-03-17T16:13:25 DUE TO TIME LIMIT ***
slurmstepd: error: *** STEP 5578124.0 ON gcn20 CANCELLED AT 2024-03-17T16:13:25 DUE TO TIME LIMIT ***
srun: Job step aborted: Waiting up to 32 seconds for job step to finish.
slurmstepd: error: container_p_join: setns failed for /slurm/5578124/.ns: Invalid argument
slurmstepd: error: container_g_join(5578124): Invalid argument

JOB STATISTICS
==============
Job ID: 5578124
Cluster: snellius
User/Group: scur0756/scur0756
State: TIMEOUT (exit code 0)
Nodes: 1
Cores per node: 18
CPU Utilized: 00:00:10
CPU Efficiency: 0.03% of 09:02:42 core-walltime
Job Wall-clock time: 00:30:09
Memory Utilized: 110.65 GB
Memory Efficiency: 30.74% of 360.00 GB
