wandb: Currently logged in as: r-v-doorn1 (royvdoorn). Use `wandb login --relogin` to force relogin
/usr/local/lib/python3.10/dist-packages/torchvision/transforms/v2/_deprecated.py:43: UserWarning: The transform `ToTensor()` is deprecated and will be removed in a future release. Instead, please use `v2.Compose([v2.ToImage(), v2.ToDtype(torch.float32, scale=True)])`.
  warnings.warn(
Loss of batch at epoch 1 : 3.509026050567627
Loss of batch at epoch 1 : 3.410101890563965
Loss of batch at epoch 1 : 3.3285093307495117
Loss of batch at epoch 1 : 3.2641708850860596
Loss of batch at epoch 1 : 3.2151174545288086
Loss of batch at epoch 1 : 3.1369240283966064
Loss of batch at epoch 1 : 3.050701379776001
Loss of batch at epoch 1 : 3.0288686752319336
Loss of batch at epoch 1 : 2.9675512313842773
Loss of batch at epoch 1 : 2.881798028945923
Loss of batch at epoch 1 : 2.7901298999786377
Loss of batch at epoch 1 : 2.789454460144043
Loss of batch at epoch 1 : 2.654632091522217
Loss of batch at epoch 1 : 2.6926732063293457
Loss of batch at epoch 1 : 2.6471056938171387
Loss of batch at epoch 1 : 2.6929004192352295
Loss of batch at epoch 1 : 2.5311458110809326
Loss of batch at epoch 1 : 2.497676372528076
Loss of batch at epoch 1 : 2.470766544342041
Loss of batch at epoch 1 : 2.4643187522888184
Loss of batch at epoch 1 : 2.4043021202087402
Loss of batch at epoch 1 : 2.3975250720977783
Loss of batch at epoch 1 : 2.341688394546509
Loss of batch at epoch 1 : 2.277719497680664
Loss of batch at epoch 1 : 2.326369285583496
Loss of batch at epoch 1 : 2.2646071910858154
Loss of batch at epoch 1 : 2.2587409019470215
Loss of batch at epoch 1 : 2.2889537811279297
Loss of batch at epoch 1 : 2.222161054611206
Loss of batch at epoch 1 : 2.2030627727508545
Loss of batch at epoch 1 : 2.1746582984924316
Loss of batch at epoch 1 : 2.1753652095794678
Loss of batch at epoch 1 : 2.141061782836914
Loss of batch at epoch 1 : 2.124386787414551
Loss of batch at epoch 1 : 2.120026111602783
Loss of batch at epoch 1 : 2.0860350131988525
Loss of batch at epoch 1 : 2.11299467086792
Loss of batch at epoch 1 : 2.0766937732696533
Loss of batch at epoch 1 : 2.088930606842041
Loss of batch at epoch 1 : 2.051959753036499
Loss of batch at epoch 1 : 2.066537857055664
Loss of batch at epoch 1 : 1.9572516679763794
Loss of batch at epoch 1 : 2.029817581176758
Loss of batch at epoch 1 : 1.978012204170227
Loss of batch at epoch 1 : 1.9829696416854858
Loss of batch at epoch 1 : 1.9571454524993896
Loss of batch at epoch 1 : 2.0029845237731934
Loss of batch at epoch 1 : 1.924350619316101
Loss of batch at epoch 1 : 1.949973464012146
Loss of batch at epoch 1 : 1.9405617713928223
Loss of batch at epoch 1 : 1.9522134065628052
Loss of batch at epoch 1 : 1.9292452335357666
Loss of batch at epoch 1 : 1.861721396446228
Loss of batch at epoch 1 : 1.9485036134719849
Average train loss of epoch 1: 0.048410046714913765
Average validation loss of epoch 1: 0.03852818550084175
Loss of batch at epoch 2 : 1.9262886047363281
Loss of batch at epoch 2 : 1.905429482460022
srun: Job step aborted: Waiting up to 32 seconds for job step to finish.
slurmstepd: error: *** JOB 5657730 ON gcn66 CANCELLED AT 2024-03-22T11:23:59 DUE TO TIME LIMIT ***
slurmstepd: error: *** STEP 5657730.0 ON gcn66 CANCELLED AT 2024-03-22T11:23:59 DUE TO TIME LIMIT ***
slurmstepd: error: container_p_join: open failed for /slurm/5657730/.ns: No such file or directory
slurmstepd: error: container_g_join(5657730): No such file or directory

JOB STATISTICS
==============
Job ID: 5657730
Cluster: snellius
User/Group: scur0756/scur0756
State: TIMEOUT (exit code 0)
Nodes: 1
Cores per node: 18
CPU Utilized: 00:00:10
CPU Efficiency: 0.03% of 09:05:24 core-walltime
Job Wall-clock time: 00:30:18
Memory Utilized: 138.40 GB
Memory Efficiency: 38.44% of 360.00 GB
