wandb: Currently logged in as: r-v-doorn1 (royvdoorn). Use `wandb login --relogin` to force relogin
/usr/local/lib/python3.10/dist-packages/torchvision/transforms/v2/_deprecated.py:43: UserWarning: The transform `ToTensor()` is deprecated and will be removed in a future release. Instead, please use `v2.Compose([v2.ToImage(), v2.ToDtype(torch.float32, scale=True)])`.
  warnings.warn(
tensor(3.5748, grad_fn=<NllLoss2DBackward0>)
Loss of batch at epoch 1 : 3.574836015701294
tensor(3.2641, grad_fn=<NllLoss2DBackward0>)
Loss of batch at epoch 1 : 3.26407790184021
tensor(3.0170, grad_fn=<NllLoss2DBackward0>)
Loss of batch at epoch 1 : 3.016958713531494
tensor(2.8332, grad_fn=<NllLoss2DBackward0>)
Loss of batch at epoch 1 : 2.833242893218994
tensor(2.7110, grad_fn=<NllLoss2DBackward0>)
Loss of batch at epoch 1 : 2.71097469329834
slurmstepd: error: *** STEP 5543227.0 ON gcn51 CANCELLED AT 2024-03-14T16:09:54 DUE TO TIME LIMIT ***
srun: Job step aborted: Waiting up to 32 seconds for job step to finish.
slurmstepd: error: *** JOB 5543227 ON gcn51 CANCELLED AT 2024-03-14T16:09:54 DUE TO TIME LIMIT ***

JOB STATISTICS
==============
Job ID: 5543227
Cluster: snellius
User/Group: scur0756/scur0756
State: TIMEOUT (exit code 0)
Nodes: 1
Cores per node: 18
CPU Utilized: 00:00:10
CPU Efficiency: 0.81% of 00:20:42 core-walltime
Job Wall-clock time: 00:01:09
Memory Utilized: 4.07 GB
Memory Efficiency: 1.13% of 360.00 GB
