wandb: Currently logged in as: r-v-doorn1 (royvdoorn). Use `wandb login --relogin` to force relogin
/usr/local/lib/python3.10/dist-packages/torchvision/transforms/v2/_deprecated.py:43: UserWarning: The transform `ToTensor()` is deprecated and will be removed in a future release. Instead, please use `v2.Compose([v2.ToImage(), v2.ToDtype(torch.float32, scale=True)])`.
  warnings.warn(
Loss of batch at epoch 1 : 3.5526392459869385
Loss of batch at epoch 1 : 3.430114507675171
Loss of batch at epoch 1 : 3.3275063037872314
Loss of batch at epoch 1 : 3.270111322402954
Loss of batch at epoch 1 : 3.244330883026123
Loss of batch at epoch 1 : 3.1353437900543213
Loss of batch at epoch 1 : 3.118356466293335
Loss of batch at epoch 1 : 3.0065159797668457
Loss of batch at epoch 1 : 3.0096139907836914
Loss of batch at epoch 1 : 2.957580089569092
Loss of batch at epoch 1 : 2.9183545112609863
Loss of batch at epoch 1 : 2.8470044136047363
Loss of batch at epoch 1 : 2.7545413970947266
Loss of batch at epoch 1 : 2.736297607421875
Loss of batch at epoch 1 : 2.736294746398926
Loss of batch at epoch 1 : 2.652698278427124
Loss of batch at epoch 1 : 2.6397604942321777
Loss of batch at epoch 1 : 2.619600296020508
Loss of batch at epoch 1 : 2.5681867599487305
Loss of batch at epoch 1 : 2.5761122703552246
Loss of batch at epoch 1 : 2.502675771713257
Loss of batch at epoch 1 : 2.464195728302002
Loss of batch at epoch 1 : 2.4675674438476562
Loss of batch at epoch 1 : 2.4353771209716797
Loss of batch at epoch 1 : 2.390693426132202
Loss of batch at epoch 1 : 2.3573338985443115
Loss of batch at epoch 1 : 2.3362441062927246
Loss of batch at epoch 1 : 2.3229525089263916
Loss of batch at epoch 1 : 2.3007583618164062
Loss of batch at epoch 1 : 2.273141384124756
Loss of batch at epoch 1 : 2.304388999938965
Loss of batch at epoch 1 : 2.2077999114990234
Loss of batch at epoch 1 : 2.254565954208374
Loss of batch at epoch 1 : 2.1891531944274902
Loss of batch at epoch 1 : 2.198133707046509
Loss of batch at epoch 1 : 2.1330981254577637
Loss of batch at epoch 1 : 2.1442666053771973
Loss of batch at epoch 1 : 2.150993824005127
Loss of batch at epoch 1 : 2.0979135036468506
Loss of batch at epoch 1 : 2.070242404937744
Loss of batch at epoch 1 : 2.124699831008911
Loss of batch at epoch 1 : 2.048588991165161
Loss of batch at epoch 1 : 2.0033247470855713
Loss of batch at epoch 1 : 2.011040210723877
Loss of batch at epoch 1 : 2.0331997871398926
Loss of batch at epoch 1 : 2.0403127670288086
Loss of batch at epoch 1 : 2.017977714538574
Loss of batch at epoch 1 : 1.9848850965499878
Loss of batch at epoch 1 : 2.0330209732055664
Loss of batch at epoch 1 : 1.9838076829910278
Loss of batch at epoch 1 : 2.0039775371551514
Loss of batch at epoch 1 : 1.970952033996582
Loss of batch at epoch 1 : 2.0073297023773193
Loss of batch at epoch 1 : 1.9728641510009766
Average train loss of epoch 1: 0.049640943257999205
Average validation loss of epoch 1: 0.03956196203777686
Loss of batch at epoch 2 : 1.9357696771621704
Loss of batch at epoch 2 : 1.9442187547683716
Loss of batch at epoch 2 : 1.8869906663894653
Loss of batch at epoch 2 : 1.9354068040847778
Loss of batch at epoch 2 : 1.8912551403045654
Loss of batch at epoch 2 : 1.9407044649124146
Loss of batch at epoch 2 : 1.907339096069336
Loss of batch at epoch 2 : 1.8373321294784546
Loss of batch at epoch 2 : 1.8629969358444214
Loss of batch at epoch 2 : 1.915793538093567
Loss of batch at epoch 2 : 1.8139455318450928
Loss of batch at epoch 2 : 1.8819419145584106
Loss of batch at epoch 2 : 1.82896888256073
Loss of batch at epoch 2 : 1.7980093955993652
Loss of batch at epoch 2 : 1.7973155975341797
Loss of batch at epoch 2 : 1.7557718753814697
Loss of batch at epoch 2 : 1.8645001649856567
Loss of batch at epoch 2 : 1.7666165828704834
Loss of batch at epoch 2 : 1.7925924062728882
Loss of batch at epoch 2 : 1.7908353805541992
Loss of batch at epoch 2 : 1.7358369827270508
Loss of batch at epoch 2 : 1.803851842880249
Loss of batch at epoch 2 : 1.7987838983535767
Loss of batch at epoch 2 : 1.788370966911316
Loss of batch at epoch 2 : 1.7965211868286133
Loss of batch at epoch 2 : 1.789469838142395
Loss of batch at epoch 2 : 1.7643418312072754
Loss of batch at epoch 2 : 1.7820630073547363
Loss of batch at epoch 2 : 1.7966132164001465
Loss of batch at epoch 2 : 1.754454255104065
Loss of batch at epoch 2 : 1.7693606615066528
Loss of batch at epoch 2 : 1.7858487367630005
Loss of batch at epoch 2 : 1.7591692209243774
Loss of batch at epoch 2 : 1.716245174407959
Loss of batch at epoch 2 : 1.7182730436325073
Loss of batch at epoch 2 : 1.7214151620864868
Loss of batch at epoch 2 : 1.7313487529754639
Loss of batch at epoch 2 : 1.6752705574035645
Loss of batch at epoch 2 : 1.7242822647094727
Loss of batch at epoch 2 : 1.6426022052764893
Loss of batch at epoch 2 : 1.705737590789795
Loss of batch at epoch 2 : 1.7181130647659302
Loss of batch at epoch 2 : 1.6553033590316772
Loss of batch at epoch 2 : 1.6645654439926147
Loss of batch at epoch 2 : 1.692020297050476
Loss of batch at epoch 2 : 1.6607271432876587
Loss of batch at epoch 2 : 1.69951593875885
Loss of batch at epoch 2 : 1.662706971168518
Loss of batch at epoch 2 : 1.6268880367279053
Loss of batch at epoch 2 : 1.674881935119629
Loss of batch at epoch 2 : 1.6174651384353638
Loss of batch at epoch 2 : 1.6323333978652954
Loss of batch at epoch 2 : 1.6265528202056885
Loss of batch at epoch 2 : 1.7231254577636719
Average train loss of epoch 2: 0.03568422233461888
Average validation loss of epoch 2: 0.03293516178323765
Loss of batch at epoch 3 : 1.5976552963256836
Loss of batch at epoch 3 : 1.6793415546417236
Loss of batch at epoch 3 : 1.611858606338501
Loss of batch at epoch 3 : 1.6177290678024292
Loss of batch at epoch 3 : 1.5900732278823853
Loss of batch at epoch 3 : 1.5744279623031616
Loss of batch at epoch 3 : 1.5729961395263672
Loss of batch at epoch 3 : 1.5352754592895508
Loss of batch at epoch 3 : 1.5960603952407837
Loss of batch at epoch 3 : 1.627774715423584
Loss of batch at epoch 3 : 1.5430281162261963
Loss of batch at epoch 3 : 1.5742307901382446
Loss of batch at epoch 3 : 1.6043273210525513
Loss of batch at epoch 3 : 1.5666402578353882
Loss of batch at epoch 3 : 1.5504467487335205
Loss of batch at epoch 3 : 1.5904215574264526
Loss of batch at epoch 3 : 1.5335800647735596
Loss of batch at epoch 3 : 1.5180573463439941
Loss of batch at epoch 3 : 1.5647730827331543
Loss of batch at epoch 3 : 1.530269742012024
Loss of batch at epoch 3 : 1.527477741241455
Loss of batch at epoch 3 : 1.5223850011825562
Loss of batch at epoch 3 : 1.5539932250976562
Loss of batch at epoch 3 : 1.5034700632095337
Loss of batch at epoch 3 : 1.4874060153961182
Loss of batch at epoch 3 : 1.5037682056427002
Loss of batch at epoch 3 : 1.497090458869934
Loss of batch at epoch 3 : 1.5402827262878418
Loss of batch at epoch 3 : 1.4840134382247925
Loss of batch at epoch 3 : 1.4690386056900024
Loss of batch at epoch 3 : 1.504753828048706
Loss of batch at epoch 3 : 1.5353670120239258
Loss of batch at epoch 3 : 1.4711591005325317
Loss of batch at epoch 3 : 1.5385164022445679
Loss of batch at epoch 3 : 1.5108109712600708
Loss of batch at epoch 3 : 1.5182842016220093
Loss of batch at epoch 3 : 1.4587103128433228
Loss of batch at epoch 3 : 1.4972559213638306
Loss of batch at epoch 3 : 1.5043962001800537
Loss of batch at epoch 3 : 1.524660348892212
Loss of batch at epoch 3 : 1.4744853973388672
Loss of batch at epoch 3 : 1.4681240320205688
Loss of batch at epoch 3 : 1.4729955196380615
Loss of batch at epoch 3 : 1.4624543190002441
Loss of batch at epoch 3 : 1.433268427848816
Loss of batch at epoch 3 : 1.459635853767395
Loss of batch at epoch 3 : 1.476125717163086
Loss of batch at epoch 3 : 1.4393823146820068
Loss of batch at epoch 3 : 1.418044090270996
Loss of batch at epoch 3 : 1.387237787246704
Loss of batch at epoch 3 : 1.449616551399231
Loss of batch at epoch 3 : 1.4130581617355347
Loss of batch at epoch 3 : 1.396166205406189
Loss of batch at epoch 3 : 1.438629150390625
Average train loss of epoch 3: 0.03059037645153362
Average validation loss of epoch 3: 0.02877358073738689
Loss of batch at epoch 4 : 1.3659610748291016
Loss of batch at epoch 4 : 1.3988033533096313
Loss of batch at epoch 4 : 1.4674285650253296
Loss of batch at epoch 4 : 1.4027866125106812
Loss of batch at epoch 4 : 1.360896348953247
Loss of batch at epoch 4 : 1.3439903259277344
Loss of batch at epoch 4 : 1.3490567207336426
Loss of batch at epoch 4 : 1.3673259019851685
Loss of batch at epoch 4 : 1.3544572591781616
Loss of batch at epoch 4 : 1.3946008682250977
Loss of batch at epoch 4 : 1.37907075881958
Loss of batch at epoch 4 : 1.3754860162734985
Loss of batch at epoch 4 : 1.3572367429733276
Loss of batch at epoch 4 : 1.384294867515564
Loss of batch at epoch 4 : 1.3294382095336914
Loss of batch at epoch 4 : 1.364073634147644
Loss of batch at epoch 4 : 1.3426258563995361
Loss of batch at epoch 4 : 1.3725537061691284
Loss of batch at epoch 4 : 1.344608187675476
Loss of batch at epoch 4 : 1.3137426376342773
Loss of batch at epoch 4 : 1.3579051494598389
Loss of batch at epoch 4 : 1.2812976837158203
Loss of batch at epoch 4 : 1.386178970336914
Loss of batch at epoch 4 : 1.326493263244629
Loss of batch at epoch 4 : 1.3424575328826904
Loss of batch at epoch 4 : 1.2736124992370605
Loss of batch at epoch 4 : 1.2921193838119507
Loss of batch at epoch 4 : 1.3549963235855103
Loss of batch at epoch 4 : 1.2974239587783813
Loss of batch at epoch 4 : 1.2707128524780273
Loss of batch at epoch 4 : 1.2945060729980469
Loss of batch at epoch 4 : 1.2689855098724365
Loss of batch at epoch 4 : 1.337306022644043
Loss of batch at epoch 4 : 1.2550441026687622
Loss of batch at epoch 4 : 1.2245250940322876
Loss of batch at epoch 4 : 1.2647275924682617
Loss of batch at epoch 4 : 1.2606607675552368
Loss of batch at epoch 4 : 1.3436232805252075
Loss of batch at epoch 4 : 1.2344623804092407
Loss of batch at epoch 4 : 1.2853089570999146
Loss of batch at epoch 4 : 1.2329485416412354
Loss of batch at epoch 4 : 1.2500770092010498
Loss of batch at epoch 4 : 1.2112555503845215
Loss of batch at epoch 4 : 1.226136565208435
Loss of batch at epoch 4 : 1.2704905271530151
Loss of batch at epoch 4 : 1.2284733057022095
Loss of batch at epoch 4 : 1.1886974573135376
Loss of batch at epoch 4 : 1.2676030397415161
Loss of batch at epoch 4 : 1.2255074977874756
Loss of batch at epoch 4 : 1.289029598236084
Loss of batch at epoch 4 : 1.2046133279800415
Loss of batch at epoch 4 : 1.191950798034668
Loss of batch at epoch 4 : 1.206872582435608
Loss of batch at epoch 4 : 1.2339884042739868
