wandb: Currently logged in as: r-v-doorn1 (royvdoorn). Use `wandb login --relogin` to force relogin
/usr/local/lib/python3.10/dist-packages/torchvision/transforms/v2/_deprecated.py:43: UserWarning: The transform `ToTensor()` is deprecated and will be removed in a future release. Instead, please use `v2.Compose([v2.ToImage(), v2.ToDtype(torch.float32, scale=True)])`.
  warnings.warn(
Loss of batch at epoch 1 : 3.563575506210327
Loss of batch at epoch 1 : 3.5352776050567627
Loss of batch at epoch 1 : 3.5202152729034424
Loss of batch at epoch 1 : 3.468345880508423
Loss of batch at epoch 1 : 3.449846029281616
Loss of batch at epoch 1 : 3.423694372177124
Loss of batch at epoch 1 : 3.409008741378784
Loss of batch at epoch 1 : 3.3701510429382324
Loss of batch at epoch 1 : 3.3784430027008057
Loss of batch at epoch 1 : 3.347386360168457
Loss of batch at epoch 1 : 3.337717056274414
Loss of batch at epoch 1 : 3.3198206424713135
Loss of batch at epoch 1 : 3.301406145095825
Loss of batch at epoch 1 : 3.294962167739868
Loss of batch at epoch 1 : 3.292222499847412
Loss of batch at epoch 1 : 3.2592995166778564
Loss of batch at epoch 1 : 3.260084867477417
Loss of batch at epoch 1 : 3.252312421798706
Loss of batch at epoch 1 : 3.240241050720215
Loss of batch at epoch 1 : 3.245330572128296
Loss of batch at epoch 1 : 3.2381539344787598
Loss of batch at epoch 1 : 3.215627431869507
Loss of batch at epoch 1 : 3.195676326751709
Loss of batch at epoch 1 : 3.2095439434051514
Loss of batch at epoch 1 : 3.1914756298065186
Loss of batch at epoch 1 : 3.173457145690918
Loss of batch at epoch 1 : 3.16729474067688
Loss of batch at epoch 1 : 3.1474215984344482
Loss of batch at epoch 1 : 3.1520862579345703
Loss of batch at epoch 1 : 3.151998281478882
Loss of batch at epoch 1 : 3.12068510055542
Loss of batch at epoch 1 : 3.1154987812042236
Loss of batch at epoch 1 : 3.1123805046081543
Loss of batch at epoch 1 : 3.101832628250122
Loss of batch at epoch 1 : 3.1157708168029785
Loss of batch at epoch 1 : 3.0844180583953857
Loss of batch at epoch 1 : 3.1032540798187256
Loss of batch at epoch 1 : 3.0927984714508057
Loss of batch at epoch 1 : 3.079012155532837
Loss of batch at epoch 1 : 3.0546934604644775
Loss of batch at epoch 1 : 3.0533082485198975
Loss of batch at epoch 1 : 3.055155038833618
Loss of batch at epoch 1 : 3.0418248176574707
Loss of batch at epoch 1 : 3.026803731918335
Loss of batch at epoch 1 : 3.0180084705352783
Loss of batch at epoch 1 : 3.0264058113098145
Loss of batch at epoch 1 : 3.044313669204712
Loss of batch at epoch 1 : 3.0267298221588135
Loss of batch at epoch 1 : 2.999350070953369
Loss of batch at epoch 1 : 3.0039994716644287
Loss of batch at epoch 1 : 2.987431764602661
Loss of batch at epoch 1 : 2.997091054916382
Loss of batch at epoch 1 : 2.996692180633545
Loss of batch at epoch 1 : 2.9807446002960205
Loss of batch at epoch 1 : 2.9787399768829346
Loss of batch at epoch 1 : 2.968719720840454
Loss of batch at epoch 1 : 2.9672327041625977
Loss of batch at epoch 1 : 2.9593024253845215
Loss of batch at epoch 1 : 2.97259259223938
Loss of batch at epoch 1 : 2.9752376079559326
Loss of batch at epoch 1 : 2.9529569149017334
Loss of batch at epoch 1 : 2.961967706680298
Loss of batch at epoch 1 : 2.9274842739105225
Loss of batch at epoch 1 : 2.950164318084717
Loss of batch at epoch 1 : 2.958561897277832
Loss of batch at epoch 1 : 2.9692697525024414
Loss of batch at epoch 1 : 2.944645404815674
Loss of batch at epoch 1 : 2.9280099868774414
Loss of batch at epoch 1 : 2.9257943630218506
Loss of batch at epoch 1 : 2.932008981704712
Loss of batch at epoch 1 : 2.9282424449920654
Loss of batch at epoch 1 : 2.951112985610962
Loss of batch at epoch 1 : 2.91804575920105
Loss of batch at epoch 1 : 2.9125475883483887
Loss of batch at epoch 1 : 2.9164559841156006
Loss of batch at epoch 1 : 2.911778211593628
Loss of batch at epoch 1 : 2.8988006114959717
Loss of batch at epoch 1 : 2.9198715686798096
Loss of batch at epoch 1 : 2.8887507915496826
Loss of batch at epoch 1 : 2.9191079139709473
Loss of batch at epoch 1 : 2.9079439640045166
Loss of batch at epoch 1 : 2.8898935317993164
Loss of batch at epoch 1 : 2.890363931655884
Loss of batch at epoch 1 : 2.894803524017334
Loss of batch at epoch 1 : 2.9100515842437744
Loss of batch at epoch 1 : 2.873718500137329
Loss of batch at epoch 1 : 2.8710975646972656
Loss of batch at epoch 1 : 2.8818252086639404
Loss of batch at epoch 1 : 2.878340721130371
Loss of batch at epoch 1 : 2.8717281818389893
Loss of batch at epoch 1 : 2.875361680984497
Loss of batch at epoch 1 : 2.854557991027832
Loss of batch at epoch 1 : 2.874371290206909
Loss of batch at epoch 1 : 2.8753600120544434
Loss of batch at epoch 1 : 2.8641881942749023
Loss of batch at epoch 1 : 2.8917222023010254
Loss of batch at epoch 1 : 2.861999750137329
Loss of batch at epoch 1 : 2.867802858352661
Loss of batch at epoch 1 : 2.892232656478882
Loss of batch at epoch 1 : 2.8576931953430176
Loss of batch at epoch 1 : 2.859466791152954
Loss of batch at epoch 1 : 2.8421993255615234
Loss of batch at epoch 1 : 2.84342622756958
Loss of batch at epoch 1 : 2.8463833332061768
Loss of batch at epoch 1 : 2.8434677124023438
Loss of batch at epoch 1 : 2.85968017578125
Loss of batch at epoch 1 : 2.8379719257354736
Loss of batch at epoch 1 : 2.970115900039673
Average train loss of epoch 1: 0.12295574390505391
Average validation loss of epoch 1: 0.11503878506747159
Loss of batch at epoch 2 : 2.850705623626709
Loss of batch at epoch 2 : 2.8487982749938965
Loss of batch at epoch 2 : 2.864806652069092
Loss of batch at epoch 2 : 2.841980457305908
Loss of batch at epoch 2 : 2.8455395698547363
Loss of batch at epoch 2 : 2.8508851528167725
Loss of batch at epoch 2 : 2.835977077484131
Loss of batch at epoch 2 : 2.835076093673706
Loss of batch at epoch 2 : 2.834540605545044
Loss of batch at epoch 2 : 2.831549882888794
Loss of batch at epoch 2 : 2.84800124168396
Loss of batch at epoch 2 : 2.827680826187134
Loss of batch at epoch 2 : 2.810485363006592
Loss of batch at epoch 2 : 2.820403575897217
Loss of batch at epoch 2 : 2.836308717727661
Loss of batch at epoch 2 : 2.8223941326141357
Loss of batch at epoch 2 : 2.831632614135742
Loss of batch at epoch 2 : 2.8379132747650146
Loss of batch at epoch 2 : 2.8256163597106934
Loss of batch at epoch 2 : 2.8189618587493896
Loss of batch at epoch 2 : 2.820138692855835
Loss of batch at epoch 2 : 2.8464696407318115
Loss of batch at epoch 2 : 2.8055078983306885
Loss of batch at epoch 2 : 2.823824644088745
Loss of batch at epoch 2 : 2.8318843841552734
Loss of batch at epoch 2 : 2.8278439044952393
Loss of batch at epoch 2 : 2.8229188919067383
Loss of batch at epoch 2 : 2.8294267654418945
Loss of batch at epoch 2 : 2.826133966445923
Loss of batch at epoch 2 : 2.846867322921753
Loss of batch at epoch 2 : 2.8186309337615967
Loss of batch at epoch 2 : 2.8004467487335205
Loss of batch at epoch 2 : 2.817605495452881
Loss of batch at epoch 2 : 2.821425199508667
Loss of batch at epoch 2 : 2.8144381046295166
Loss of batch at epoch 2 : 2.8010847568511963
Loss of batch at epoch 2 : 2.8134989738464355
Loss of batch at epoch 2 : 2.8138229846954346
Loss of batch at epoch 2 : 2.814587354660034
Loss of batch at epoch 2 : 2.801825523376465
Loss of batch at epoch 2 : 2.8077051639556885
Loss of batch at epoch 2 : 2.799269676208496
Loss of batch at epoch 2 : 2.8176889419555664
Loss of batch at epoch 2 : 2.779439687728882
Loss of batch at epoch 2 : 2.801974058151245
Loss of batch at epoch 2 : 2.8028438091278076
Loss of batch at epoch 2 : 2.787092685699463
Loss of batch at epoch 2 : 2.8115952014923096
Loss of batch at epoch 2 : 2.8140220642089844
Loss of batch at epoch 2 : 2.7949912548065186
Loss of batch at epoch 2 : 2.8128890991210938
Loss of batch at epoch 2 : 2.8055529594421387
Loss of batch at epoch 2 : 2.7997660636901855
Loss of batch at epoch 2 : 2.7934696674346924
Loss of batch at epoch 2 : 2.8134946823120117
Loss of batch at epoch 2 : 2.813594341278076
Loss of batch at epoch 2 : 2.808927297592163
Loss of batch at epoch 2 : 2.835076093673706
Loss of batch at epoch 2 : 2.810370445251465
Loss of batch at epoch 2 : 2.808845043182373
Loss of batch at epoch 2 : 2.799880266189575
Loss of batch at epoch 2 : 2.807276964187622
Loss of batch at epoch 2 : 2.7974772453308105
Loss of batch at epoch 2 : 2.8134522438049316
Loss of batch at epoch 2 : 2.8212833404541016
Loss of batch at epoch 2 : 2.812161922454834
Loss of batch at epoch 2 : 2.8034119606018066
Loss of batch at epoch 2 : 2.8153884410858154
Loss of batch at epoch 2 : 2.790316104888916
Loss of batch at epoch 2 : 2.810535192489624
Loss of batch at epoch 2 : 2.796769380569458
Loss of batch at epoch 2 : 2.791088819503784
Loss of batch at epoch 2 : 2.8045876026153564
Loss of batch at epoch 2 : 2.7934939861297607
Loss of batch at epoch 2 : 2.7814838886260986
Loss of batch at epoch 2 : 2.7993874549865723
Loss of batch at epoch 2 : 2.7956674098968506
Loss of batch at epoch 2 : 2.772092342376709
Loss of batch at epoch 2 : 2.821059465408325
Loss of batch at epoch 2 : 2.8037166595458984
Loss of batch at epoch 2 : 2.781280517578125
Loss of batch at epoch 2 : 2.772886276245117
Loss of batch at epoch 2 : 2.78820538520813
Loss of batch at epoch 2 : 2.786839723587036
Loss of batch at epoch 2 : 2.765669584274292
Loss of batch at epoch 2 : 2.7825894355773926
Loss of batch at epoch 2 : 2.7798807621002197
Loss of batch at epoch 2 : 2.7888991832733154
Loss of batch at epoch 2 : 2.7901859283447266
Loss of batch at epoch 2 : 2.789612054824829
Loss of batch at epoch 2 : 2.7899603843688965
Loss of batch at epoch 2 : 2.7931833267211914
Loss of batch at epoch 2 : 2.780579090118408
Loss of batch at epoch 2 : 2.7926723957061768
Loss of batch at epoch 2 : 2.7786574363708496
Loss of batch at epoch 2 : 2.7804317474365234
Loss of batch at epoch 2 : 2.7889626026153564
Loss of batch at epoch 2 : 2.7906970977783203
Loss of batch at epoch 2 : 2.7923765182495117
Loss of batch at epoch 2 : 2.7960684299468994
Loss of batch at epoch 2 : 2.786255121231079
Loss of batch at epoch 2 : 2.7844574451446533
Loss of batch at epoch 2 : 2.790634870529175
Loss of batch at epoch 2 : 2.769704818725586
Loss of batch at epoch 2 : 2.794827699661255
Loss of batch at epoch 2 : 2.7768051624298096
Loss of batch at epoch 2 : 2.7735884189605713
Loss of batch at epoch 2 : 2.7582201957702637
Average train loss of epoch 2: 0.11322290421956684
Average validation loss of epoch 2: 0.11239956685589621
Loss of batch at epoch 3 : 2.8204987049102783
Loss of batch at epoch 3 : 2.776069402694702
Loss of batch at epoch 3 : 2.774784564971924
Loss of batch at epoch 3 : 2.7854552268981934
Loss of batch at epoch 3 : 2.792544364929199
Loss of batch at epoch 3 : 2.7751309871673584
Loss of batch at epoch 3 : 2.769146680831909
Loss of batch at epoch 3 : 2.7852697372436523
Loss of batch at epoch 3 : 2.785540819168091
Loss of batch at epoch 3 : 2.788647413253784
Loss of batch at epoch 3 : 2.787975311279297
Loss of batch at epoch 3 : 2.76731276512146
Loss of batch at epoch 3 : 2.796403646469116
Loss of batch at epoch 3 : 2.798285722732544
Loss of batch at epoch 3 : 2.7803657054901123
Loss of batch at epoch 3 : 2.7836685180664062
Loss of batch at epoch 3 : 2.773162841796875
Loss of batch at epoch 3 : 2.7928428649902344
Loss of batch at epoch 3 : 2.8011281490325928
Loss of batch at epoch 3 : 2.7650301456451416
Loss of batch at epoch 3 : 2.763036012649536
Loss of batch at epoch 3 : 2.7827444076538086
Loss of batch at epoch 3 : 2.771552324295044
Loss of batch at epoch 3 : 2.7768094539642334
Loss of batch at epoch 3 : 2.7715883255004883
Loss of batch at epoch 3 : 2.7716267108917236
Loss of batch at epoch 3 : 2.7838916778564453
Loss of batch at epoch 3 : 2.7931783199310303
Loss of batch at epoch 3 : 2.7856194972991943
Loss of batch at epoch 3 : 2.7778873443603516
Loss of batch at epoch 3 : 2.7875232696533203
Loss of batch at epoch 3 : 2.7755041122436523
Loss of batch at epoch 3 : 2.801983594894409
Loss of batch at epoch 3 : 2.7665908336639404
Loss of batch at epoch 3 : 2.7878048419952393
Loss of batch at epoch 3 : 2.775521993637085
Loss of batch at epoch 3 : 2.7889328002929688
Loss of batch at epoch 3 : 2.768486261367798
Loss of batch at epoch 3 : 2.7680516242980957
Loss of batch at epoch 3 : 2.7641007900238037
Loss of batch at epoch 3 : 2.780048131942749
Loss of batch at epoch 3 : 2.772939443588257
Loss of batch at epoch 3 : 2.7630763053894043
Loss of batch at epoch 3 : 2.7803101539611816
Loss of batch at epoch 3 : 2.7648463249206543
Loss of batch at epoch 3 : 2.7909204959869385
Loss of batch at epoch 3 : 2.7731213569641113
Loss of batch at epoch 3 : 2.7873637676239014
Loss of batch at epoch 3 : 2.760772228240967
Loss of batch at epoch 3 : 2.7703354358673096
Loss of batch at epoch 3 : 2.77095103263855
Loss of batch at epoch 3 : 2.78486967086792
Loss of batch at epoch 3 : 2.7511074542999268
Loss of batch at epoch 3 : 2.7644095420837402
Loss of batch at epoch 3 : 2.764274835586548
Loss of batch at epoch 3 : 2.77482008934021
Loss of batch at epoch 3 : 2.763759136199951
Loss of batch at epoch 3 : 2.763296365737915
Loss of batch at epoch 3 : 2.7908403873443604
Loss of batch at epoch 3 : 2.753222942352295
Loss of batch at epoch 3 : 2.7703025341033936
Loss of batch at epoch 3 : 2.7561700344085693
Loss of batch at epoch 3 : 2.746163845062256
Loss of batch at epoch 3 : 2.7632789611816406
Loss of batch at epoch 3 : 2.7401235103607178
Loss of batch at epoch 3 : 2.754808187484741
Loss of batch at epoch 3 : 2.782263994216919
Loss of batch at epoch 3 : 2.777479648590088
Loss of batch at epoch 3 : 2.7439663410186768
Loss of batch at epoch 3 : 2.770543336868286
Loss of batch at epoch 3 : 2.7424044609069824
Loss of batch at epoch 3 : 2.7569518089294434
Loss of batch at epoch 3 : 2.7455971240997314
Loss of batch at epoch 3 : 2.7498209476470947
Loss of batch at epoch 3 : 2.74241304397583
Loss of batch at epoch 3 : 2.755902051925659
Loss of batch at epoch 3 : 2.740156412124634
Loss of batch at epoch 3 : 2.7486510276794434
Loss of batch at epoch 3 : 2.7562503814697266
Loss of batch at epoch 3 : 2.7343556880950928
Loss of batch at epoch 3 : 2.7471301555633545
Loss of batch at epoch 3 : 2.7702343463897705
Loss of batch at epoch 3 : 2.7339134216308594
Loss of batch at epoch 3 : 2.750056505203247
Loss of batch at epoch 3 : 2.7439048290252686
Loss of batch at epoch 3 : 2.756801128387451
Loss of batch at epoch 3 : 2.7366726398468018
Loss of batch at epoch 3 : 2.7515110969543457
Loss of batch at epoch 3 : 2.737510919570923
Loss of batch at epoch 3 : 2.7624166011810303
Loss of batch at epoch 3 : 2.75016713142395
Loss of batch at epoch 3 : 2.7386505603790283
Loss of batch at epoch 3 : 2.747638702392578
Loss of batch at epoch 3 : 2.759096145629883
Loss of batch at epoch 3 : 2.7609612941741943
Loss of batch at epoch 3 : 2.748081922531128
Loss of batch at epoch 3 : 2.7240684032440186
Loss of batch at epoch 3 : 2.7384591102600098
Loss of batch at epoch 3 : 2.7325870990753174
Loss of batch at epoch 3 : 2.725891351699829
Loss of batch at epoch 3 : 2.728572130203247
Loss of batch at epoch 3 : 2.731630563735962
Loss of batch at epoch 3 : 2.752668857574463
Loss of batch at epoch 3 : 2.7632601261138916
Loss of batch at epoch 3 : 2.726569414138794
Loss of batch at epoch 3 : 2.7451837062835693
Loss of batch at epoch 3 : 2.7500739097595215
Loss of batch at epoch 3 : 2.7247540950775146
Average train loss of epoch 3: 0.11150227347980068
Average validation loss of epoch 3: 0.11090767343437631
Loss of batch at epoch 4 : 2.7548177242279053
Loss of batch at epoch 4 : 2.7603952884674072
Loss of batch at epoch 4 : 2.742729902267456
Loss of batch at epoch 4 : 2.7520124912261963
Loss of batch at epoch 4 : 2.7503621578216553
Loss of batch at epoch 4 : 2.7405824661254883
Loss of batch at epoch 4 : 2.7472963333129883
Loss of batch at epoch 4 : 2.7318146228790283
Loss of batch at epoch 4 : 2.733717679977417
Loss of batch at epoch 4 : 2.7468597888946533
Loss of batch at epoch 4 : 2.7522201538085938
Loss of batch at epoch 4 : 2.7529735565185547
Loss of batch at epoch 4 : 2.7483339309692383
Loss of batch at epoch 4 : 2.7560160160064697
Loss of batch at epoch 4 : 2.733287811279297
Loss of batch at epoch 4 : 2.740356683731079
Loss of batch at epoch 4 : 2.7643613815307617
Loss of batch at epoch 4 : 2.7312564849853516
Loss of batch at epoch 4 : 2.7355315685272217
Loss of batch at epoch 4 : 2.7344377040863037
Loss of batch at epoch 4 : 2.7344703674316406
Loss of batch at epoch 4 : 2.7358827590942383
Loss of batch at epoch 4 : 2.734224319458008
Loss of batch at epoch 4 : 2.743285655975342
Loss of batch at epoch 4 : 2.7531166076660156
Loss of batch at epoch 4 : 2.729301929473877
Loss of batch at epoch 4 : 2.726543426513672
Loss of batch at epoch 4 : 2.7295608520507812
Loss of batch at epoch 4 : 2.73268985748291
Loss of batch at epoch 4 : 2.74776291847229
Loss of batch at epoch 4 : 2.747666120529175
Loss of batch at epoch 4 : 2.751436233520508
Loss of batch at epoch 4 : 2.722670078277588
Loss of batch at epoch 4 : 2.734347343444824
Loss of batch at epoch 4 : 2.7243475914001465
Loss of batch at epoch 4 : 2.7409238815307617
Loss of batch at epoch 4 : 2.7423362731933594
Loss of batch at epoch 4 : 2.724363088607788
Loss of batch at epoch 4 : 2.7362918853759766
Loss of batch at epoch 4 : 2.725825548171997
Loss of batch at epoch 4 : 2.7259697914123535
Loss of batch at epoch 4 : 2.757227897644043
Loss of batch at epoch 4 : 2.732617139816284
Loss of batch at epoch 4 : 2.725684404373169
Loss of batch at epoch 4 : 2.7261462211608887
Loss of batch at epoch 4 : 2.7266526222229004
Loss of batch at epoch 4 : 2.736611843109131
Loss of batch at epoch 4 : 2.736515760421753
Loss of batch at epoch 4 : 2.7632365226745605
Loss of batch at epoch 4 : 2.741779088973999
Loss of batch at epoch 4 : 2.749382495880127
Loss of batch at epoch 4 : 2.7425730228424072
Loss of batch at epoch 4 : 2.7351582050323486
Loss of batch at epoch 4 : 2.759650707244873
Loss of batch at epoch 4 : 2.736884355545044
Loss of batch at epoch 4 : 2.73213267326355
Loss of batch at epoch 4 : 2.733598232269287
Loss of batch at epoch 4 : 2.7297186851501465
Loss of batch at epoch 4 : 2.7227847576141357
Loss of batch at epoch 4 : 2.7295773029327393
Loss of batch at epoch 4 : 2.7291653156280518
Loss of batch at epoch 4 : 2.7221155166625977
Loss of batch at epoch 4 : 2.7224361896514893
Loss of batch at epoch 4 : 2.7507388591766357
Loss of batch at epoch 4 : 2.743375778198242
Loss of batch at epoch 4 : 2.7328200340270996
Loss of batch at epoch 4 : 2.7187869548797607
Loss of batch at epoch 4 : 2.7285525798797607
Loss of batch at epoch 4 : 2.737281322479248
Loss of batch at epoch 4 : 2.7336087226867676
Loss of batch at epoch 4 : 2.7323670387268066
Loss of batch at epoch 4 : 2.7281270027160645
Loss of batch at epoch 4 : 2.724910259246826
Loss of batch at epoch 4 : 2.727379322052002
Loss of batch at epoch 4 : 2.7239696979522705
Loss of batch at epoch 4 : 2.71634840965271
Loss of batch at epoch 4 : 2.7195322513580322
Loss of batch at epoch 4 : 2.7223780155181885
Loss of batch at epoch 4 : 2.7249443531036377
Loss of batch at epoch 4 : 2.7300708293914795
Loss of batch at epoch 4 : 2.733489751815796
Loss of batch at epoch 4 : 2.7230374813079834
Loss of batch at epoch 4 : 2.7269277572631836
Loss of batch at epoch 4 : 2.724102020263672
Loss of batch at epoch 4 : 2.7402493953704834
Loss of batch at epoch 4 : 2.7160067558288574
Loss of batch at epoch 4 : 2.7585413455963135
Loss of batch at epoch 4 : 2.746177911758423
Loss of batch at epoch 4 : 2.7269630432128906
Loss of batch at epoch 4 : 2.7150676250457764
Loss of batch at epoch 4 : 2.7376978397369385
Loss of batch at epoch 4 : 2.733872175216675
Loss of batch at epoch 4 : 2.7259650230407715
Loss of batch at epoch 4 : 2.762237548828125
Loss of batch at epoch 4 : 2.726405382156372
Loss of batch at epoch 4 : 2.7280731201171875
Loss of batch at epoch 4 : 2.7264182567596436
Loss of batch at epoch 4 : 2.723245143890381
Loss of batch at epoch 4 : 2.7246897220611572
Loss of batch at epoch 4 : 2.7246592044830322
Loss of batch at epoch 4 : 2.7306811809539795
Loss of batch at epoch 4 : 2.7299437522888184
Loss of batch at epoch 4 : 2.7288150787353516
Loss of batch at epoch 4 : 2.736337900161743
Loss of batch at epoch 4 : 2.7343828678131104
Loss of batch at epoch 4 : 2.725841522216797
Loss of batch at epoch 4 : 2.7651383876800537
Loss of batch at epoch 4 : 2.7248222827911377
Average train loss of epoch 4: 0.11032074863470874
Average validation loss of epoch 4: 0.11031714031591962
Loss of batch at epoch 5 : 2.7463278770446777
Loss of batch at epoch 5 : 2.735358715057373
Loss of batch at epoch 5 : 2.7171545028686523
Loss of batch at epoch 5 : 2.724700450897217
Loss of batch at epoch 5 : 2.7352843284606934
Loss of batch at epoch 5 : 2.7372608184814453
Loss of batch at epoch 5 : 2.7181689739227295
Loss of batch at epoch 5 : 2.734671115875244
Loss of batch at epoch 5 : 2.729689836502075
Loss of batch at epoch 5 : 2.739138126373291
Loss of batch at epoch 5 : 2.722639560699463
Loss of batch at epoch 5 : 2.733949899673462
Loss of batch at epoch 5 : 2.732670783996582
Loss of batch at epoch 5 : 2.7343671321868896
Loss of batch at epoch 5 : 2.734761953353882
Loss of batch at epoch 5 : 2.7196671962738037
Loss of batch at epoch 5 : 2.7430529594421387
Loss of batch at epoch 5 : 2.7418885231018066
Loss of batch at epoch 5 : 2.7174389362335205
Loss of batch at epoch 5 : 2.7208051681518555
Loss of batch at epoch 5 : 2.7333898544311523
Loss of batch at epoch 5 : 2.738558530807495
Loss of batch at epoch 5 : 2.7169837951660156
Loss of batch at epoch 5 : 2.7137510776519775
Loss of batch at epoch 5 : 2.7161078453063965
Loss of batch at epoch 5 : 2.730153799057007
Loss of batch at epoch 5 : 2.7168848514556885
Loss of batch at epoch 5 : 2.74239182472229
Loss of batch at epoch 5 : 2.7235379219055176
Loss of batch at epoch 5 : 2.74288272857666
Loss of batch at epoch 5 : 2.7236239910125732
Loss of batch at epoch 5 : 2.7435131072998047
Loss of batch at epoch 5 : 2.731278896331787
Loss of batch at epoch 5 : 2.7347733974456787
Loss of batch at epoch 5 : 2.7176673412323
Loss of batch at epoch 5 : 2.7295501232147217
Loss of batch at epoch 5 : 2.717545747756958
Loss of batch at epoch 5 : 2.7217679023742676
Loss of batch at epoch 5 : 2.7348971366882324
Loss of batch at epoch 5 : 2.722222089767456
Loss of batch at epoch 5 : 2.716796398162842
Loss of batch at epoch 5 : 2.7141377925872803
Loss of batch at epoch 5 : 2.7339165210723877
Loss of batch at epoch 5 : 2.7317001819610596
Loss of batch at epoch 5 : 2.715667724609375
Loss of batch at epoch 5 : 2.71476411819458
Loss of batch at epoch 5 : 2.724663019180298
Loss of batch at epoch 5 : 2.7294068336486816
Loss of batch at epoch 5 : 2.744032382965088
Loss of batch at epoch 5 : 2.724027633666992
Loss of batch at epoch 5 : 2.7413880825042725
Loss of batch at epoch 5 : 2.7073781490325928
Loss of batch at epoch 5 : 2.73046875
Loss of batch at epoch 5 : 2.7226805686950684
Loss of batch at epoch 5 : 2.706569194793701
Loss of batch at epoch 5 : 2.719379186630249
Loss of batch at epoch 5 : 2.7213938236236572
Loss of batch at epoch 5 : 2.7188687324523926
Loss of batch at epoch 5 : 2.7337758541107178
Loss of batch at epoch 5 : 2.7173335552215576
Loss of batch at epoch 5 : 2.7295877933502197
Loss of batch at epoch 5 : 2.7317380905151367
Loss of batch at epoch 5 : 2.7295420169830322
Loss of batch at epoch 5 : 2.7281339168548584
Loss of batch at epoch 5 : 2.7140793800354004
Loss of batch at epoch 5 : 2.7163031101226807
Loss of batch at epoch 5 : 2.7057340145111084
Loss of batch at epoch 5 : 2.7120163440704346
Loss of batch at epoch 5 : 2.7227606773376465
Loss of batch at epoch 5 : 2.7372734546661377
Loss of batch at epoch 5 : 2.7225594520568848
Loss of batch at epoch 5 : 2.730581045150757
Loss of batch at epoch 5 : 2.718823194503784
Loss of batch at epoch 5 : 2.7357420921325684
Loss of batch at epoch 5 : 2.7330729961395264
Loss of batch at epoch 5 : 2.723249912261963
Loss of batch at epoch 5 : 2.727684497833252
Loss of batch at epoch 5 : 2.7151269912719727
Loss of batch at epoch 5 : 2.730527639389038
Loss of batch at epoch 5 : 2.7191052436828613
Loss of batch at epoch 5 : 2.7161407470703125
Loss of batch at epoch 5 : 2.732034206390381
Loss of batch at epoch 5 : 2.7213759422302246
Loss of batch at epoch 5 : 2.719712257385254
Loss of batch at epoch 5 : 2.7207648754119873
Loss of batch at epoch 5 : 2.736222267150879
Loss of batch at epoch 5 : 2.727226972579956
Loss of batch at epoch 5 : 2.735689640045166
Loss of batch at epoch 5 : 2.7048771381378174
Loss of batch at epoch 5 : 2.719644546508789
Loss of batch at epoch 5 : 2.7283360958099365
Loss of batch at epoch 5 : 2.722043991088867
Loss of batch at epoch 5 : 2.7218241691589355
Loss of batch at epoch 5 : 2.717869758605957
Loss of batch at epoch 5 : 2.7171525955200195
Loss of batch at epoch 5 : 2.720845937728882
Loss of batch at epoch 5 : 2.7137465476989746
Loss of batch at epoch 5 : 2.7292697429656982
Loss of batch at epoch 5 : 2.737729549407959
Loss of batch at epoch 5 : 2.7202351093292236
Loss of batch at epoch 5 : 2.7229390144348145
Loss of batch at epoch 5 : 2.718485116958618
Loss of batch at epoch 5 : 2.7220728397369385
Loss of batch at epoch 5 : 2.7290046215057373
Loss of batch at epoch 5 : 2.7227115631103516
Loss of batch at epoch 5 : 2.7254421710968018
Loss of batch at epoch 5 : 2.701571226119995
Loss of batch at epoch 5 : 2.712524175643921
Average train loss of epoch 5: 0.10991040230509593
Average validation loss of epoch 5: 0.10997018268212726
Loss of batch at epoch 6 : 2.7208192348480225
Loss of batch at epoch 6 : 2.7257587909698486
Loss of batch at epoch 6 : 2.7131400108337402
Loss of batch at epoch 6 : 2.713279962539673
Loss of batch at epoch 6 : 2.725492477416992
Loss of batch at epoch 6 : 2.7173283100128174
Loss of batch at epoch 6 : 2.714665412902832
Loss of batch at epoch 6 : 2.7444231510162354
Loss of batch at epoch 6 : 2.7181434631347656
Loss of batch at epoch 6 : 2.7031936645507812
Loss of batch at epoch 6 : 2.724376678466797
Loss of batch at epoch 6 : 2.7395474910736084
Loss of batch at epoch 6 : 2.7276875972747803
Loss of batch at epoch 6 : 2.7408275604248047
Loss of batch at epoch 6 : 2.7179553508758545
Loss of batch at epoch 6 : 2.721285820007324
Loss of batch at epoch 6 : 2.7053935527801514
Loss of batch at epoch 6 : 2.7122647762298584
Loss of batch at epoch 6 : 2.7199478149414062
Loss of batch at epoch 6 : 2.719114303588867
Loss of batch at epoch 6 : 2.7145073413848877
Loss of batch at epoch 6 : 2.720519781112671
Loss of batch at epoch 6 : 2.7064077854156494
Loss of batch at epoch 6 : 2.7111430168151855
Loss of batch at epoch 6 : 2.7366344928741455
Loss of batch at epoch 6 : 2.7194197177886963
Loss of batch at epoch 6 : 2.7172904014587402
Loss of batch at epoch 6 : 2.7217068672180176
Loss of batch at epoch 6 : 2.709430456161499
Loss of batch at epoch 6 : 2.7099757194519043
Loss of batch at epoch 6 : 2.7120277881622314
Loss of batch at epoch 6 : 2.7058045864105225
Loss of batch at epoch 6 : 2.717392921447754
Loss of batch at epoch 6 : 2.7084157466888428
Loss of batch at epoch 6 : 2.704537868499756
Loss of batch at epoch 6 : 2.7319495677948
Loss of batch at epoch 6 : 2.7255048751831055
Loss of batch at epoch 6 : 2.703927516937256
Loss of batch at epoch 6 : 2.723151683807373
Loss of batch at epoch 6 : 2.7401814460754395
Loss of batch at epoch 6 : 2.7134432792663574
Loss of batch at epoch 6 : 2.705935478210449
Loss of batch at epoch 6 : 2.713078498840332
Loss of batch at epoch 6 : 2.7129242420196533
Loss of batch at epoch 6 : 2.7137105464935303
Loss of batch at epoch 6 : 2.720045566558838
Loss of batch at epoch 6 : 2.71488618850708
Loss of batch at epoch 6 : 2.72857928276062
Loss of batch at epoch 6 : 2.719982624053955
Loss of batch at epoch 6 : 2.717358350753784
Loss of batch at epoch 6 : 2.7074432373046875
Loss of batch at epoch 6 : 2.723785161972046
Loss of batch at epoch 6 : 2.6998746395111084
Loss of batch at epoch 6 : 2.716431140899658
Loss of batch at epoch 6 : 2.7034225463867188
Loss of batch at epoch 6 : 2.714423894882202
Loss of batch at epoch 6 : 2.7159082889556885
Loss of batch at epoch 6 : 2.7087254524230957
Loss of batch at epoch 6 : 2.727356433868408
Loss of batch at epoch 6 : 2.716494560241699
Loss of batch at epoch 6 : 2.717541217803955
Loss of batch at epoch 6 : 2.7083323001861572
Loss of batch at epoch 6 : 2.724595785140991
Loss of batch at epoch 6 : 2.7175896167755127
Loss of batch at epoch 6 : 2.7185051441192627
Loss of batch at epoch 6 : 2.717311143875122
Loss of batch at epoch 6 : 2.7197909355163574
Loss of batch at epoch 6 : 2.740189552307129
Loss of batch at epoch 6 : 2.705575942993164
Loss of batch at epoch 6 : 2.717979669570923
Loss of batch at epoch 6 : 2.712432861328125
Loss of batch at epoch 6 : 2.7282204627990723
Loss of batch at epoch 6 : 2.719446897506714
Loss of batch at epoch 6 : 2.716867446899414
Loss of batch at epoch 6 : 2.722907304763794
Loss of batch at epoch 6 : 2.7127158641815186
Loss of batch at epoch 6 : 2.731093406677246
Loss of batch at epoch 6 : 2.7201788425445557
Loss of batch at epoch 6 : 2.7012839317321777
Loss of batch at epoch 6 : 2.719304084777832
Loss of batch at epoch 6 : 2.712955951690674
Loss of batch at epoch 6 : 2.711437940597534
Loss of batch at epoch 6 : 2.7265751361846924
Loss of batch at epoch 6 : 2.7097554206848145
Loss of batch at epoch 6 : 2.7223005294799805
Loss of batch at epoch 6 : 2.711090326309204
Loss of batch at epoch 6 : 2.7088985443115234
Loss of batch at epoch 6 : 2.726602792739868
Loss of batch at epoch 6 : 2.71443247795105
Loss of batch at epoch 6 : 2.7273850440979004
Loss of batch at epoch 6 : 2.7170474529266357
Loss of batch at epoch 6 : 2.719517469406128
Loss of batch at epoch 6 : 2.7130658626556396
Loss of batch at epoch 6 : 2.7183003425598145
Loss of batch at epoch 6 : 2.709232807159424
Loss of batch at epoch 6 : 2.7221755981445312
Loss of batch at epoch 6 : 2.7179696559906006
Loss of batch at epoch 6 : 2.7165346145629883
Loss of batch at epoch 6 : 2.722423553466797
Loss of batch at epoch 6 : 2.725637435913086
Loss of batch at epoch 6 : 2.7543389797210693
Loss of batch at epoch 6 : 2.7248098850250244
Loss of batch at epoch 6 : 2.7300004959106445
Loss of batch at epoch 6 : 2.714031219482422
Loss of batch at epoch 6 : 2.7488691806793213
Loss of batch at epoch 6 : 2.7176148891448975
Loss of batch at epoch 6 : 2.7141711711883545
Loss of batch at epoch 6 : 2.702202796936035
Average train loss of epoch 6: 0.10963018301977338
Average validation loss of epoch 6: 0.11000269109552557
Loss of batch at epoch 7 : 2.7239151000976562
Loss of batch at epoch 7 : 2.7335026264190674
Loss of batch at epoch 7 : 2.7147481441497803
Loss of batch at epoch 7 : 2.719032049179077
Loss of batch at epoch 7 : 2.7147696018218994
Loss of batch at epoch 7 : 2.7269577980041504
Loss of batch at epoch 7 : 2.7233381271362305
Loss of batch at epoch 7 : 2.7132720947265625
Loss of batch at epoch 7 : 2.7051992416381836
Loss of batch at epoch 7 : 2.7166833877563477
Loss of batch at epoch 7 : 2.7129199504852295
Loss of batch at epoch 7 : 2.7115750312805176
Loss of batch at epoch 7 : 2.7129390239715576
Loss of batch at epoch 7 : 2.733030080795288
Loss of batch at epoch 7 : 2.728710651397705
Loss of batch at epoch 7 : 2.721632719039917
Loss of batch at epoch 7 : 2.7041897773742676
Loss of batch at epoch 7 : 2.6895761489868164
Loss of batch at epoch 7 : 2.7105612754821777
Loss of batch at epoch 7 : 2.704948663711548
Loss of batch at epoch 7 : 2.721665382385254
Loss of batch at epoch 7 : 2.706479072570801
Loss of batch at epoch 7 : 2.7079739570617676
Loss of batch at epoch 7 : 2.7134101390838623
Loss of batch at epoch 7 : 2.715869426727295
Loss of batch at epoch 7 : 2.71325945854187
Loss of batch at epoch 7 : 2.716193675994873
Loss of batch at epoch 7 : 2.7314023971557617
Loss of batch at epoch 7 : 2.702397346496582
Loss of batch at epoch 7 : 2.7073254585266113
Loss of batch at epoch 7 : 2.7182388305664062
Loss of batch at epoch 7 : 2.714888334274292
Loss of batch at epoch 7 : 2.7066962718963623
Loss of batch at epoch 7 : 2.7181589603424072
Loss of batch at epoch 7 : 2.69762921333313
Loss of batch at epoch 7 : 2.7130157947540283
Loss of batch at epoch 7 : 2.7123982906341553
Loss of batch at epoch 7 : 2.700086832046509
Loss of batch at epoch 7 : 2.7147839069366455
Loss of batch at epoch 7 : 2.71002197265625
Loss of batch at epoch 7 : 2.758608818054199
Loss of batch at epoch 7 : 2.7140796184539795
Loss of batch at epoch 7 : 2.728358507156372
Loss of batch at epoch 7 : 2.7172603607177734
Loss of batch at epoch 7 : 2.7309186458587646
Loss of batch at epoch 7 : 2.7294392585754395
Loss of batch at epoch 7 : 2.725872039794922
Loss of batch at epoch 7 : 2.705563545227051
Loss of batch at epoch 7 : 2.7234861850738525
Loss of batch at epoch 7 : 2.7076542377471924
Loss of batch at epoch 7 : 2.7039589881896973
Loss of batch at epoch 7 : 2.701536178588867
Loss of batch at epoch 7 : 2.7137818336486816
Loss of batch at epoch 7 : 2.7133142948150635
Loss of batch at epoch 7 : 2.7081286907196045
Loss of batch at epoch 7 : 2.703253746032715
Loss of batch at epoch 7 : 2.710130214691162
Loss of batch at epoch 7 : 2.718017816543579
Loss of batch at epoch 7 : 2.697526216506958
Loss of batch at epoch 7 : 2.7096424102783203
Loss of batch at epoch 7 : 2.718553066253662
Loss of batch at epoch 7 : 2.719768762588501
Loss of batch at epoch 7 : 2.712684154510498
Loss of batch at epoch 7 : 2.697252035140991
Loss of batch at epoch 7 : 2.7203257083892822
Loss of batch at epoch 7 : 2.7033979892730713
Loss of batch at epoch 7 : 2.7174558639526367
Loss of batch at epoch 7 : 2.7222299575805664
Loss of batch at epoch 7 : 2.715052366256714
Loss of batch at epoch 7 : 2.720142126083374
Loss of batch at epoch 7 : 2.7013909816741943
Loss of batch at epoch 7 : 2.73870849609375
Loss of batch at epoch 7 : 2.7055797576904297
Loss of batch at epoch 7 : 2.7318484783172607
Loss of batch at epoch 7 : 2.705151319503784
Loss of batch at epoch 7 : 2.721144676208496
Loss of batch at epoch 7 : 2.704379081726074
Loss of batch at epoch 7 : 2.713798999786377
Loss of batch at epoch 7 : 2.714261293411255
Loss of batch at epoch 7 : 2.705988883972168
Loss of batch at epoch 7 : 2.7036736011505127
Loss of batch at epoch 7 : 2.7147529125213623
Loss of batch at epoch 7 : 2.7403974533081055
Loss of batch at epoch 7 : 2.7170729637145996
Loss of batch at epoch 7 : 2.7172155380249023
Loss of batch at epoch 7 : 2.702684164047241
Loss of batch at epoch 7 : 2.7123031616210938
Loss of batch at epoch 7 : 2.7081830501556396
Loss of batch at epoch 7 : 2.694633960723877
Loss of batch at epoch 7 : 2.6992218494415283
Loss of batch at epoch 7 : 2.7241666316986084
Loss of batch at epoch 7 : 2.7167677879333496
Loss of batch at epoch 7 : 2.705878496170044
Loss of batch at epoch 7 : 2.7092483043670654
Loss of batch at epoch 7 : 2.719003677368164
Loss of batch at epoch 7 : 2.7037627696990967
Loss of batch at epoch 7 : 2.69925594329834
Loss of batch at epoch 7 : 2.725285053253174
Loss of batch at epoch 7 : 2.718055009841919
Loss of batch at epoch 7 : 2.713040351867676
Loss of batch at epoch 7 : 2.695107936859131
Loss of batch at epoch 7 : 2.7186503410339355
Loss of batch at epoch 7 : 2.69437575340271
Loss of batch at epoch 7 : 2.696621894836426
Loss of batch at epoch 7 : 2.69362211227417
Loss of batch at epoch 7 : 2.6967904567718506
Loss of batch at epoch 7 : 2.7025365829467773
Loss of batch at epoch 7 : 2.768860340118408
Average train loss of epoch 7: 0.10944143669920417
Average validation loss of epoch 7: 0.10977328265154804
Loss of batch at epoch 8 : 2.7305026054382324
Loss of batch at epoch 8 : 2.712315797805786
Loss of batch at epoch 8 : 2.7161917686462402
Loss of batch at epoch 8 : 2.7220287322998047
Loss of batch at epoch 8 : 2.6961140632629395
Loss of batch at epoch 8 : 2.707585573196411
Loss of batch at epoch 8 : 2.7321364879608154
Loss of batch at epoch 8 : 2.7089500427246094
Loss of batch at epoch 8 : 2.7197225093841553
Loss of batch at epoch 8 : 2.7187328338623047
Loss of batch at epoch 8 : 2.720012903213501
Loss of batch at epoch 8 : 2.7098236083984375
Loss of batch at epoch 8 : 2.709096908569336
Loss of batch at epoch 8 : 2.713721752166748
Loss of batch at epoch 8 : 2.7058234214782715
Loss of batch at epoch 8 : 2.707388162612915
Loss of batch at epoch 8 : 2.7084813117980957
Loss of batch at epoch 8 : 2.707035541534424
Loss of batch at epoch 8 : 2.7102954387664795
Loss of batch at epoch 8 : 2.712307929992676
Loss of batch at epoch 8 : 2.7097890377044678
Loss of batch at epoch 8 : 2.706667423248291
Loss of batch at epoch 8 : 2.69673228263855
Loss of batch at epoch 8 : 2.71327805519104
Loss of batch at epoch 8 : 2.707820177078247
Loss of batch at epoch 8 : 2.6934022903442383
Loss of batch at epoch 8 : 2.707218885421753
Loss of batch at epoch 8 : 2.7024943828582764
Loss of batch at epoch 8 : 2.7201967239379883
Loss of batch at epoch 8 : 2.71488618850708
Loss of batch at epoch 8 : 2.7054545879364014
Loss of batch at epoch 8 : 2.71873140335083
Loss of batch at epoch 8 : 2.6975529193878174
Loss of batch at epoch 8 : 2.698368549346924
Loss of batch at epoch 8 : 2.690464973449707
Loss of batch at epoch 8 : 2.707821846008301
Loss of batch at epoch 8 : 2.726022720336914
Loss of batch at epoch 8 : 2.6940877437591553
Loss of batch at epoch 8 : 2.7243552207946777
Loss of batch at epoch 8 : 2.7172727584838867
Loss of batch at epoch 8 : 2.695072889328003
Loss of batch at epoch 8 : 2.7137835025787354
Loss of batch at epoch 8 : 2.6824727058410645
Loss of batch at epoch 8 : 2.7025115489959717
Loss of batch at epoch 8 : 2.697301149368286
Loss of batch at epoch 8 : 2.692364454269409
Loss of batch at epoch 8 : 2.705828905105591
Loss of batch at epoch 8 : 2.6949400901794434
Loss of batch at epoch 8 : 2.708913564682007
Loss of batch at epoch 8 : 2.7121989727020264
Loss of batch at epoch 8 : 2.7027087211608887
Loss of batch at epoch 8 : 2.7129909992218018
Loss of batch at epoch 8 : 2.7044451236724854
Loss of batch at epoch 8 : 2.696265697479248
Loss of batch at epoch 8 : 2.7149572372436523
Loss of batch at epoch 8 : 2.700350522994995
Loss of batch at epoch 8 : 2.7057290077209473
Loss of batch at epoch 8 : 2.6997768878936768
Loss of batch at epoch 8 : 2.706939458847046
Loss of batch at epoch 8 : 2.703550338745117
Loss of batch at epoch 8 : 2.707338571548462
Loss of batch at epoch 8 : 2.6997759342193604
Loss of batch at epoch 8 : 2.694063901901245
Loss of batch at epoch 8 : 2.721496105194092
Loss of batch at epoch 8 : 2.7139034271240234
Loss of batch at epoch 8 : 2.71024227142334
Loss of batch at epoch 8 : 2.696200370788574
Loss of batch at epoch 8 : 2.6978235244750977
Loss of batch at epoch 8 : 2.6975746154785156
Loss of batch at epoch 8 : 2.6981589794158936
Loss of batch at epoch 8 : 2.7194931507110596
Loss of batch at epoch 8 : 2.709354877471924
Loss of batch at epoch 8 : 2.71075177192688
Loss of batch at epoch 8 : 2.7093493938446045
Loss of batch at epoch 8 : 2.6999056339263916
Loss of batch at epoch 8 : 2.698640823364258
Loss of batch at epoch 8 : 2.7055232524871826
Loss of batch at epoch 8 : 2.7313852310180664
Loss of batch at epoch 8 : 2.718886137008667
Loss of batch at epoch 8 : 2.712005853652954
Loss of batch at epoch 8 : 2.7028441429138184
Loss of batch at epoch 8 : 2.703369140625
Loss of batch at epoch 8 : 2.6997361183166504
Loss of batch at epoch 8 : 2.701277256011963
Loss of batch at epoch 8 : 2.711899757385254
Loss of batch at epoch 8 : 2.7188303470611572
Loss of batch at epoch 8 : 2.7033543586730957
Loss of batch at epoch 8 : 2.7118842601776123
Loss of batch at epoch 8 : 2.7046427726745605
Loss of batch at epoch 8 : 2.7231879234313965
Loss of batch at epoch 8 : 2.693178176879883
Loss of batch at epoch 8 : 2.7116689682006836
Loss of batch at epoch 8 : 2.7032806873321533
Loss of batch at epoch 8 : 2.7126030921936035
Loss of batch at epoch 8 : 2.7125630378723145
Loss of batch at epoch 8 : 2.697066068649292
Loss of batch at epoch 8 : 2.713325023651123
Loss of batch at epoch 8 : 2.7121775150299072
Loss of batch at epoch 8 : 2.695582866668701
Loss of batch at epoch 8 : 2.6914708614349365
Loss of batch at epoch 8 : 2.692394971847534
Loss of batch at epoch 8 : 2.703795909881592
Loss of batch at epoch 8 : 2.705177068710327
Loss of batch at epoch 8 : 2.687080144882202
Loss of batch at epoch 8 : 2.6931674480438232
Loss of batch at epoch 8 : 2.723172903060913
Loss of batch at epoch 8 : 2.6853368282318115
Loss of batch at epoch 8 : 2.6867167949676514
Average train loss of epoch 8: 0.10915856222504551
Average validation loss of epoch 8: 0.10938140920517019
Loss of batch at epoch 9 : 2.701049327850342
Loss of batch at epoch 9 : 2.7299015522003174
Loss of batch at epoch 9 : 2.7044456005096436
Loss of batch at epoch 9 : 2.6901562213897705
Loss of batch at epoch 9 : 2.7111332416534424
Loss of batch at epoch 9 : 2.6934633255004883
Loss of batch at epoch 9 : 2.7077927589416504
Loss of batch at epoch 9 : 2.712707042694092
Loss of batch at epoch 9 : 2.690717935562134
Loss of batch at epoch 9 : 2.699856996536255
Loss of batch at epoch 9 : 2.701076030731201
Loss of batch at epoch 9 : 2.718040704727173
Loss of batch at epoch 9 : 2.7011280059814453
Loss of batch at epoch 9 : 2.688157320022583
Loss of batch at epoch 9 : 2.6981453895568848
Loss of batch at epoch 9 : 2.6984405517578125
Loss of batch at epoch 9 : 2.7062554359436035
Loss of batch at epoch 9 : 2.7006936073303223
Loss of batch at epoch 9 : 2.7028863430023193
Loss of batch at epoch 9 : 2.700315475463867
