wandb: Currently logged in as: r-v-doorn1 (royvdoorn). Use `wandb login --relogin` to force relogin
/usr/local/lib/python3.10/dist-packages/torchvision/transforms/v2/_deprecated.py:43: UserWarning: The transform `ToTensor()` is deprecated and will be removed in a future release. Instead, please use `v2.Compose([v2.ToImage(), v2.ToDtype(torch.float32, scale=True)])`.
  warnings.warn(
Loss of batch at epoch 1 : 0.9157012104988098
Loss of batch at epoch 1 : 0.9089813828468323
Loss of batch at epoch 1 : 0.8947340846061707
Loss of batch at epoch 1 : 0.8878225088119507
Loss of batch at epoch 1 : 0.8872944116592407
Loss of batch at epoch 1 : 0.8900090456008911
Loss of batch at epoch 1 : 0.8853795528411865
Loss of batch at epoch 1 : 0.8837615847587585
Loss of batch at epoch 1 : 0.8793602585792542
Loss of batch at epoch 1 : 0.8731834292411804
Loss of batch at epoch 1 : 0.8795475363731384
Loss of batch at epoch 1 : 0.879271924495697
Loss of batch at epoch 1 : 0.872877836227417
Loss of batch at epoch 1 : 0.8821107149124146
Loss of batch at epoch 1 : 0.8820068836212158
Loss of batch at epoch 1 : 0.8772450685501099
Loss of batch at epoch 1 : 0.8757491111755371
Loss of batch at epoch 1 : 0.8809358477592468
Loss of batch at epoch 1 : 0.8785903453826904
Loss of batch at epoch 1 : 0.8751301765441895
Loss of batch at epoch 1 : 0.8768117427825928
Loss of batch at epoch 1 : 0.8750078678131104
Loss of batch at epoch 1 : 0.8733301758766174
Loss of batch at epoch 1 : 0.8793529868125916
Loss of batch at epoch 1 : 0.8795788288116455
Loss of batch at epoch 1 : 0.8752882480621338
Loss of batch at epoch 1 : 0.8780503869056702
Loss of batch at epoch 1 : 0.8764342069625854
Loss of batch at epoch 1 : 0.8784050345420837
Loss of batch at epoch 1 : 0.8767246603965759
Loss of batch at epoch 1 : 0.8725833296775818
Loss of batch at epoch 1 : 0.8717127442359924
Loss of batch at epoch 1 : 0.8800838589668274
Loss of batch at epoch 1 : 0.8739185333251953
Loss of batch at epoch 1 : 0.8706609010696411
Loss of batch at epoch 1 : 0.8721649646759033
Loss of batch at epoch 1 : 0.874024510383606
Loss of batch at epoch 1 : 0.8769857287406921
Loss of batch at epoch 1 : 0.8776112794876099
Loss of batch at epoch 1 : 0.8753118515014648
Loss of batch at epoch 1 : 0.8765033483505249
Loss of batch at epoch 1 : 0.8781026601791382
Loss of batch at epoch 1 : 0.8756255507469177
Loss of batch at epoch 1 : 0.8772253394126892
Loss of batch at epoch 1 : 0.8712224960327148
Loss of batch at epoch 1 : 0.8738237023353577
Loss of batch at epoch 1 : 0.866595447063446
Loss of batch at epoch 1 : 0.874870777130127
Loss of batch at epoch 1 : 0.8691868782043457
Loss of batch at epoch 1 : 0.8723418116569519
Loss of batch at epoch 1 : 0.8740485310554504
Loss of batch at epoch 1 : 0.877570390701294
Loss of batch at epoch 1 : 0.8709718585014343
Loss of batch at epoch 1 : 0.8707268238067627
Loss of batch at epoch 1 : 0.8640133142471313
Loss of batch at epoch 1 : 0.8794607520103455
Loss of batch at epoch 1 : 0.8629072904586792
Loss of batch at epoch 1 : 0.8667715787887573
Loss of batch at epoch 1 : 0.875572919845581
Loss of batch at epoch 1 : 0.8654205799102783
slurmstepd: error: *** STEP 5492407.0 ON gcn9 CANCELLED AT 2024-03-09T11:12:22 DUE TO TIME LIMIT ***
srun: Job step aborted: Waiting up to 32 seconds for job step to finish.
slurmstepd: error: *** JOB 5492407 ON gcn9 CANCELLED AT 2024-03-09T11:12:22 DUE TO TIME LIMIT ***
slurmstepd: error: container_p_join: open failed for /slurm/5492407/.ns: No such file or directory
slurmstepd: error: container_g_join(5492407): No such file or directory

JOB STATISTICS
==============
Job ID: 5492407
Cluster: snellius
User/Group: scur0756/scur0756
State: TIMEOUT (exit code 0)
Nodes: 1
Cores per node: 18
CPU Utilized: 00:00:10
CPU Efficiency: 0.09% of 03:01:30 core-walltime
Job Wall-clock time: 00:10:05
Memory Utilized: 14.24 GB
Memory Efficiency: 11.87% of 120.00 GB
