wandb: Currently logged in as: r-v-doorn1 (royvdoorn). Use `wandb login --relogin` to force relogin
Traceback (most recent call last):
  File "/gpfs/home6/scur0756/Final_Assignment/5LSM0-final-project-Roy-van-Doorn/train.py", line 182, in <module>
    visualize()
  File "/gpfs/home6/scur0756/Final_Assignment/5LSM0-final-project-Roy-van-Doorn/train.py", line 154, in visualize
    model.load_state_dict(torch.load("models\\Original_model"))
  File "/usr/local/lib/python3.10/dist-packages/torch/serialization.py", line 986, in load
    with _open_file_like(f, 'rb') as opened_file:
  File "/usr/local/lib/python3.10/dist-packages/torch/serialization.py", line 435, in _open_file_like
    return _open_file(name_or_buffer, mode)
  File "/usr/local/lib/python3.10/dist-packages/torch/serialization.py", line 416, in __init__
    super().__init__(open(name, mode))
FileNotFoundError: [Errno 2] No such file or directory: 'models\\Original_model'
[2024-03-16 13:54:53,665] torch.distributed.elastic.multiprocessing.api: [ERROR] failed (exitcode: 1) local_rank: 0 (pid: 967115) of binary: /usr/bin/python3
Traceback (most recent call last):
  File "/usr/local/bin/torchrun", line 8, in <module>
    sys.exit(main())
  File "/usr/local/lib/python3.10/dist-packages/torch/distributed/elastic/multiprocessing/errors/__init__.py", line 346, in wrapper
    return f(*args, **kwargs)
  File "/usr/local/lib/python3.10/dist-packages/torch/distributed/run.py", line 806, in main
    run(args)
  File "/usr/local/lib/python3.10/dist-packages/torch/distributed/run.py", line 797, in run
    elastic_launch(
  File "/usr/local/lib/python3.10/dist-packages/torch/distributed/launcher/api.py", line 134, in __call__
    return launch_agent(self._config, self._entrypoint, list(args))
  File "/usr/local/lib/python3.10/dist-packages/torch/distributed/launcher/api.py", line 264, in launch_agent
    raise ChildFailedError(
torch.distributed.elastic.multiprocessing.errors.ChildFailedError: 
============================================================
train.py FAILED
------------------------------------------------------------
Failures:
  <NO_OTHER_FAILURES>
------------------------------------------------------------
Root Cause (first observed failure):
[0]:
  time      : 2024-03-16_13:54:53
  host      : gcn8.local.snellius.surf.nl
  rank      : 0 (local_rank: 0)
  exitcode  : 1 (pid: 967115)
  error_file: <N/A>
  traceback : To enable traceback see: https://pytorch.org/docs/stable/elastic/errors.html
============================================================
srun: error: gcn8: task 0: Exited with exit code 1
srun: Terminating StepId=5575217.0

JOB STATISTICS
==============
Job ID: 5575217
Cluster: snellius
User/Group: scur0756/scur0756
State: RUNNING
Nodes: 1
Cores per node: 18
CPU Utilized: 00:00:00
CPU Efficiency: 0.00% of 00:07:12 core-walltime
Job Wall-clock time: 00:00:24
Memory Utilized: 0.00 MB (estimated maximum)
Memory Efficiency: 0.00% of 360.00 GB (20.00 GB/core)
WARNING: Efficiency statistics may be misleading for RUNNING jobs.
